<?xml version="1.0" encoding="utf-8"?><testsuites name="pytest tests"><testsuite name="pytest" errors="0" failures="0" skipped="0" tests="32" time="5.516" timestamp="2026-03-14T06:33:11.250984+00:00" hostname="agent-env-f5bc839a-6815-4e8d-9735-6677453d65c6"><testcase classname="backend.tests.test_iteration68_all_extracted_routes.TestAuth" name="test_admin_login" time="0.507" /><testcase classname="backend.tests.test_iteration68_all_extracted_routes.TestAuth" name="test_tenant_login" time="0.371" /><testcase classname="backend.tests.test_iteration68_all_extracted_routes.TestProductsExtractedRoutes" name="test_get_products_list" time="0.520" /><testcase classname="backend.tests.test_iteration68_all_extracted_routes.TestProductsExtractedRoutes" name="test_get_products_paginated" time="0.142" /><testcase classname="backend.tests.test_iteration68_all_extracted_routes.TestProductsExtractedRoutes" name="test_generate_barcode" time="0.123" /><testcase classname="backend.tests.test_iteration68_all_extracted_routes.TestProductsExtractedRoutes" name="test_low_stock_alerts" time="0.123" /><testcase classname="backend.tests.test_iteration68_all_extracted_routes.TestCustomersExtractedRoutes" name="test_get_customers_list" time="0.138" /><testcase classname="backend.tests.test_iteration68_all_extracted_routes.TestCustomersExtractedRoutes" name="test_generate_customer_code" time="0.126" /><testcase classname="backend.tests.test_iteration68_all_extracted_routes.TestSalesExtractedRoutes" name="test_get_sales_list" time="0.136" /><testcase classname="backend.tests.test_iteration68_all_extracted_routes.TestSalesExtractedRoutes" name="test_generate_sale_code" time="0.129" /><testcase classname="backend.tests.test_iteration68_all_extracted_routes.TestPurchasesExtractedRoutes" name="test_get_purchases_list" time="0.122" /><testcase classname="backend.tests.test_iteration68_all_extracted_routes.TestPurchasesExtractedRoutes" name="test_generate_purchase_code" time="0.122" /><testcase classname="backend.tests.test_iteration68_all_extracted_routes.TestStatsExtractedRoutes" name="test_get_stats" time="0.134" /><testcase classname="backend.tests.test_iteration68_all_extracted_routes.TestStatsExtractedRoutes" name="test_get_sales_stats" time="0.130" /><testcase classname="backend.tests.test_iteration68_all_extracted_routes.TestStatsExtractedRoutes" name="test_get_profit_stats" time="0.165" /><testcase classname="backend.tests.test_iteration68_all_extracted_routes.TestStatsExtractedRoutes" name="test_sales_chart" time="0.137" /><testcase classname="backend.tests.test_iteration68_all_extracted_routes.TestStatsExtractedRoutes" name="test_sales_prediction" time="0.126" /><testcase classname="backend.tests.test_iteration68_all_extracted_routes.TestEmployeesExtractedRoutes" name="test_get_employees_list" time="0.129" /><testcase classname="backend.tests.test_iteration68_all_extracted_routes.TestEmployeesExtractedRoutes" name="test_get_salary_report" time="0.122" /><testcase classname="backend.tests.test_iteration68_all_extracted_routes.TestEmployeesExtractedRoutes" name="test_get_active_alerts" time="0.126" /><testcase classname="backend.tests.test_iteration68_all_extracted_routes.TestEmployeesExtractedRoutes" name="test_create_employee" time="0.145" /><testcase classname="backend.tests.test_iteration68_all_extracted_routes.TestCashboxExtractedRoutes" name="test_get_cash_boxes" time="0.122" /><testcase classname="backend.tests.test_iteration68_all_extracted_routes.TestTransactionsExtractedRoutes" name="test_get_transactions" time="0.155" /><testcase classname="backend.tests.test_iteration68_all_extracted_routes.TestDebtsExtractedRoutes" name="test_get_debts_list" time="0.129" /><testcase classname="backend.tests.test_iteration68_all_extracted_routes.TestDebtsExtractedRoutes" name="test_create_debt" time="0.262" /><testcase classname="backend.tests.test_iteration68_all_extracted_routes.TestExpensesExtractedRoutes" name="test_get_expenses_list" time="0.138" /><testcase classname="backend.tests.test_iteration68_all_extracted_routes.TestExpensesExtractedRoutes" name="test_get_expenses_stats" time="0.131" /><testcase classname="backend.tests.test_iteration68_all_extracted_routes.TestExpensesExtractedRoutes" name="test_get_expense_reminders" time="0.139" /><testcase classname="backend.tests.test_iteration68_all_extracted_routes.TestExpensesExtractedRoutes" name="test_create_expense" time="0.127" /><testcase classname="backend.tests.test_iteration68_all_extracted_routes.TestRegressionAPIs" name="test_smart_notifications_api" time="0.153" /><testcase classname="backend.tests.test_iteration68_all_extracted_routes.TestRegressionAPIs" name="test_permissions_catalog" time="0.151" /><testcase classname="backend.tests.test_iteration68_all_extracted_routes.TestRegressionAPIs" name="test_repairs_api" time="0.125" /></testsuite></testsuites>