<?xml version="1.0" encoding="utf-8"?><testsuites name="pytest tests"><testsuite name="pytest" errors="0" failures="0" skipped="0" tests="29" time="5.606" timestamp="2026-03-14T06:00:59.457016+00:00" hostname="agent-env-f5bc839a-6815-4e8d-9735-6677453d65c6"><testcase classname="backend.tests.test_iteration66_permissions_features.TestAuth" name="test_admin_login_success" time="1.505" /><testcase classname="backend.tests.test_iteration66_permissions_features.TestAuth" name="test_tenant_login_success" time="0.328" /><testcase classname="backend.tests.test_iteration66_permissions_features.TestPermissionsAPI" name="test_permissions_catalog" time="0.441" /><testcase classname="backend.tests.test_iteration66_permissions_features.TestPermissionsAPI" name="test_role_templates" time="0.099" /><testcase classname="backend.tests.test_iteration66_permissions_features.TestPermissionsAPI" name="test_create_role" time="0.453" /><testcase classname="backend.tests.test_iteration66_permissions_features.TestPermissionsAPI" name="test_get_roles" time="0.116" /><testcase classname="backend.tests.test_iteration66_permissions_features.TestPermissionsAPI" name="test_permissions_stats" time="0.102" /><testcase classname="backend.tests.test_iteration66_permissions_features.TestSmartNotificationsAPI" name="test_get_notifications" time="0.102" /><testcase classname="backend.tests.test_iteration66_permissions_features.TestSmartNotificationsAPI" name="test_unread_count" time="0.114" /><testcase classname="backend.tests.test_iteration66_permissions_features.TestSmartNotificationsAPI" name="test_mark_all_read" time="0.155" /><testcase classname="backend.tests.test_iteration66_permissions_features.TestSmartNotificationsAPI" name="test_notification_stats" time="0.107" /><testcase classname="backend.tests.test_iteration66_permissions_features.TestRepairsAPI" name="test_get_repair_tickets" time="0.101" /><testcase classname="backend.tests.test_iteration66_permissions_features.TestRepairsAPI" name="test_repair_stats" time="0.119" /><testcase classname="backend.tests.test_iteration66_permissions_features.TestRepairsAPI" name="test_create_repair_ticket" time="0.114" /><testcase classname="backend.tests.test_iteration66_permissions_features.TestRepairsAPI" name="test_get_spare_parts" time="0.103" /><testcase classname="backend.tests.test_iteration66_permissions_features.TestRepairsAPI" name="test_get_technicians" time="0.103" /><testcase classname="backend.tests.test_iteration66_permissions_features.TestDefectiveGoodsAPI" name="test_defective_stats" time="0.150" /><testcase classname="backend.tests.test_iteration66_permissions_features.TestDefectiveGoodsAPI" name="test_get_defective_goods" time="0.123" /><testcase classname="backend.tests.test_iteration66_permissions_features.TestDefectiveGoodsAPI" name="test_get_defect_categories" time="0.104" /><testcase classname="backend.tests.test_iteration66_permissions_features.TestDefectiveGoodsAPI" name="test_create_defective_item" time="0.098" /><testcase classname="backend.tests.test_iteration66_permissions_features.TestBackupSystemAPI" name="test_backup_stats" time="0.111" /><testcase classname="backend.tests.test_iteration66_permissions_features.TestBackupSystemAPI" name="test_backup_list" time="0.107" /><testcase classname="backend.tests.test_iteration66_permissions_features.TestBackupSystemAPI" name="test_backup_schedules_list" time="0.100" /><testcase classname="backend.tests.test_iteration66_permissions_features.TestWalletAPI" name="test_get_wallet" time="0.110" /><testcase classname="backend.tests.test_iteration66_permissions_features.TestWalletAPI" name="test_wallet_transactions" time="0.105" /><testcase classname="backend.tests.test_iteration66_permissions_features.Test2FAAPI" name="test_2fa_status_tenant" time="0.122" /><testcase classname="backend.tests.test_iteration66_permissions_features.Test2FAAPI" name="test_2fa_status_admin" time="0.101" /><testcase classname="backend.tests.test_iteration66_permissions_features.TestDashboardAndSidebar" name="test_dashboard_stats" time="0.105" /><testcase classname="backend.tests.test_iteration66_permissions_features.TestDashboardAndSidebar" name="test_health_check" time="0.104" /></testsuite></testsuites>