<?xml version="1.0" encoding="utf-8"?><testsuites name="pytest tests"><testsuite name="pytest" errors="0" failures="0" skipped="0" tests="20" time="9.996" timestamp="2026-03-13T21:26:58.659614+00:00" hostname="agent-env-d3277458-f499-47a1-b903-53ad985e7dea"><testcase classname="tests.test_iteration59_banking_pwa.TestAuthentication" name="test_tenant_login" time="0.435" /><testcase classname="tests.test_iteration59_banking_pwa.TestAuthentication" name="test_super_admin_login" time="0.375" /><testcase classname="tests.test_iteration59_banking_pwa.TestPWA" name="test_manifest_json_accessible" time="0.110" /><testcase classname="tests.test_iteration59_banking_pwa.TestPWA" name="test_service_worker_accessible" time="0.114" /><testcase classname="tests.test_iteration59_banking_pwa.TestNotifications" name="test_notifications_unread_count" time="0.529" /><testcase classname="tests.test_iteration59_banking_pwa.TestNotifications" name="test_notifications_list" time="0.537" /><testcase classname="tests.test_iteration59_banking_pwa.TestBankingAccounts" name="test_get_banking_summary" time="0.491" /><testcase classname="tests.test_iteration59_banking_pwa.TestBankingAccounts" name="test_get_bank_accounts" time="0.483" /><testcase classname="tests.test_iteration59_banking_pwa.TestBankingAccounts" name="test_create_bank_account" time="0.649" /><testcase classname="tests.test_iteration59_banking_pwa.TestBankingTransactions" name="test_get_transactions" time="0.494" /><testcase classname="tests.test_iteration59_banking_pwa.TestBankingTransactions" name="test_create_deposit_transaction" time="0.727" /><testcase classname="tests.test_iteration59_banking_pwa.TestBankingTransactions" name="test_create_withdrawal_transaction" time="0.692" /><testcase classname="tests.test_iteration59_banking_pwa.TestBankingTransactions" name="test_transaction_with_invalid_account" time="0.453" /><testcase classname="tests.test_iteration59_banking_pwa.TestBankingReconciliation" name="test_reconcile_matching_balance" time="0.745" /><testcase classname="tests.test_iteration59_banking_pwa.TestBankingReconciliation" name="test_reconcile_with_difference" time="0.717" /><testcase classname="tests.test_iteration59_banking_pwa.TestBankingReconciliation" name="test_get_reconciliations" time="0.488" /><testcase classname="tests.test_iteration59_banking_pwa.TestSaaSAdmin" name="test_saas_stats_shows_active_tenant" time="0.476" /><testcase classname="tests.test_iteration59_banking_pwa.TestExistingFeatures" name="test_tax_rates_endpoint" time="0.455" /><testcase classname="tests.test_iteration59_banking_pwa.TestExistingFeatures" name="test_currencies_endpoint" time="0.450" /><testcase classname="tests.test_iteration59_banking_pwa.TestExistingFeatures" name="test_whatsapp_config_endpoint" time="0.489" /></testsuite></testsuites>