<?xml version="1.0" encoding="utf-8"?><testsuites name="pytest tests"><testsuite name="pytest" errors="0" failures="0" skipped="0" tests="13" time="1.442" timestamp="2026-02-07T20:44:28.163602+00:00" hostname="agent-env-d77fc6ab-b97f-483a-9a50-f1bcca493ab6"><testcase classname="backend.tests.test_blacklist_debt_family.TestBlacklistAPI" name="test_get_blacklist" time="0.371" /><testcase classname="backend.tests.test_blacklist_debt_family.TestBlacklistAPI" name="test_add_phone_to_blacklist" time="0.085" /><testcase classname="backend.tests.test_blacklist_debt_family.TestBlacklistAPI" name="test_check_blacklisted_phone" time="0.038" /><testcase classname="backend.tests.test_blacklist_debt_family.TestBlacklistAPI" name="test_check_non_blacklisted_phone" time="0.043" /><testcase classname="backend.tests.test_blacklist_debt_family.TestBlacklistAPI" name="test_add_duplicate_phone_fails" time="0.124" /><testcase classname="backend.tests.test_blacklist_debt_family.TestBlacklistAPI" name="test_remove_from_blacklist" time="0.117" /><testcase classname="backend.tests.test_blacklist_debt_family.TestDebtRemindersAPI" name="test_get_pending_debt_reminders" time="0.038" /><testcase classname="backend.tests.test_blacklist_debt_family.TestDebtRemindersAPI" name="test_get_debt_reminder_settings" time="0.037" /><testcase classname="backend.tests.test_blacklist_debt_family.TestDebtRemindersAPI" name="test_update_debt_reminder_settings" time="0.083" /><testcase classname="backend.tests.test_blacklist_debt_family.TestCustomerFamilyAPI" name="test_get_customer_families" time="0.043" /><testcase classname="backend.tests.test_blacklist_debt_family.TestCustomerFamilyAPI" name="test_create_customer_family" time="0.082" /><testcase classname="backend.tests.test_blacklist_debt_family.TestCustomerFamilyAPI" name="test_create_customer_with_family" time="0.163" /><testcase classname="backend.tests.test_blacklist_debt_family.TestCustomerBlacklistIntegration" name="test_customer_with_blacklisted_phone_flagged" time="0.151" /></testsuite></testsuites>