<?xml version="1.0" encoding="utf-8"?><testsuites name="pytest tests"><testsuite name="pytest" errors="0" failures="0" skipped="0" tests="13" time="3.454" timestamp="2026-02-12T00:05:49.007488+00:00" hostname="agent-env-ef0f6c47-d018-4c80-b13f-3f5086131447"><testcase classname="backend.tests.test_database_management.TestDatabaseManagementAPIs" name="test_saas_admin_login" time="0.574" /><testcase classname="backend.tests.test_database_management.TestDatabaseManagementAPIs" name="test_get_all_databases" time="0.287" /><testcase classname="backend.tests.test_database_management.TestDatabaseManagementAPIs" name="test_get_database_stats" time="0.313" /><testcase classname="backend.tests.test_database_management.TestDatabaseManagementAPIs" name="test_get_database_logs" time="0.274" /><testcase classname="backend.tests.test_database_management.TestDatabaseManagementAPIs" name="test_get_database_backups" time="0.272" /><testcase classname="backend.tests.test_database_management.TestDatabaseManagementAPIs" name="test_create_backup_main_database" time="0.314" /><testcase classname="backend.tests.test_database_management.TestDatabaseManagementAPIs" name="test_freeze_unfreeze_database" time="0.308" /><testcase classname="backend.tests.test_database_management.TestDatabaseManagementAPIs" name="test_cannot_freeze_main_database" time="0.270" /><testcase classname="backend.tests.test_database_management.TestDatabaseManagementAPIs" name="test_export_main_database" time="0.370" /><testcase classname="backend.tests.test_database_management.TestDatabaseManagementAPIs" name="test_backup_creates_operation_log" time="0.301" /><testcase classname="backend.tests.test_database_management.TestDatabaseManagementUnauthorized" name="test_databases_without_auth" time="0.038" /><testcase classname="backend.tests.test_database_management.TestDatabaseManagementUnauthorized" name="test_stats_without_auth" time="0.038" /><testcase classname="backend.tests.test_database_management.TestDatabaseManagementUnauthorized" name="test_backup_without_auth" time="0.031" /></testsuite></testsuites>