<?xml version="1.0" encoding="utf-8"?><testsuites name="pytest tests"><testsuite name="pytest" errors="0" failures="0" skipped="0" tests="6" time="5.521" timestamp="2026-02-13T21:48:11.830437+00:00" hostname="agent-env-cbed1051-a0c2-4fc8-91f4-b1dd866f012f"><testcase classname="backend.tests.test_feature_flags_ecommerce.TestFeatureFlags" name="test_tenant_login_returns_features_and_limits" time="0.390" /><testcase classname="backend.tests.test_feature_flags_ecommerce.TestFeatureFlags" name="test_auth_me_returns_features_and_limits" time="1.139" /><testcase classname="backend.tests.test_feature_flags_ecommerce.TestEcommerceStore" name="test_save_store_settings_records_slug_in_main_db" time="0.583" /><testcase classname="backend.tests.test_feature_flags_ecommerce.TestEcommerceStore" name="test_public_store_access_without_auth" time="0.647" /><testcase classname="backend.tests.test_feature_flags_ecommerce.TestEcommerceStore" name="test_add_product_to_store" time="0.755" /><testcase classname="backend.tests.test_feature_flags_ecommerce.TestEcommerceStore" name="test_create_order_from_public_store_cod" time="1.958" /></testsuite></testsuites>