<?xml version="1.0" encoding="utf-8"?><testsuites name="pytest tests"><testsuite name="pytest" errors="0" failures="0" skipped="0" tests="11" time="4.456" timestamp="2026-02-13T18:37:45.068225+00:00" hostname="agent-env-80287a55-6308-4a76-bf63-bf5314430e6a"><testcase classname="backend.tests.test_iteration44_features.TestWarehouseCreation" name="test_create_warehouse_with_all_fields" time="0.840" /><testcase classname="backend.tests.test_iteration44_features.TestWarehouseCreation" name="test_create_main_warehouse" time="0.198" /><testcase classname="backend.tests.test_iteration44_features.TestWarehouseCreation" name="test_warehouse_with_empty_optional_fields" time="0.184" /><testcase classname="backend.tests.test_iteration44_features.TestWarehouseCreation" name="test_get_warehouses_list" time="0.191" /><testcase classname="backend.tests.test_iteration44_features.TestInventorySessionCreation" name="test_create_inventory_session" time="1.584" /><testcase classname="backend.tests.test_iteration44_features.TestInventorySessionCreation" name="test_get_inventory_sessions_list" time="0.111" /><testcase classname="backend.tests.test_iteration44_features.TestInventorySessionCreation" name="test_generate_inventory_code" time="0.131" /><testcase classname="backend.tests.test_iteration44_features.TestBackupEndpoints" name="test_backup_auto_settings_get" time="0.137" /><testcase classname="backend.tests.test_iteration44_features.TestProductsEndpoints" name="test_get_products_list" time="0.266" /><testcase classname="backend.tests.test_iteration44_features.TestProductsEndpoints" name="test_delete_product" time="0.626" /><testcase classname="backend.tests.test_iteration44_features.TestSidebarSettings" name="test_get_sidebar_order" time="0.120" /></testsuite></testsuites>