<?xml version="1.0" encoding="utf-8"?><testsuites name="pytest tests"><testsuite name="pytest" errors="0" failures="0" skipped="0" tests="13" time="0.724" timestamp="2026-02-08T20:19:37.373601+00:00" hostname="agent-env-7a82f5e4-3f65-4c76-9d40-be2ac27bbe70"><testcase classname="backend.tests.test_pos_features.TestReceiptSettingsAPI" name="test_get_receipt_settings_default" time="0.340" /><testcase classname="backend.tests.test_pos_features.TestReceiptSettingsAPI" name="test_update_receipt_settings" time="0.039" /><testcase classname="backend.tests.test_pos_features.TestReceiptSettingsAPI" name="test_reset_receipt_settings" time="0.015" /><testcase classname="backend.tests.test_pos_features.TestSalesAPIWithFilters" name="test_get_all_sales" time="0.013" /><testcase classname="backend.tests.test_pos_features.TestSalesAPIWithFilters" name="test_get_sales_today" time="0.051" /><testcase classname="backend.tests.test_pos_features.TestSalesAPIWithFilters" name="test_get_sales_week" time="0.014" /><testcase classname="backend.tests.test_pos_features.TestSalesAPIWithFilters" name="test_get_sales_month" time="0.011" /><testcase classname="backend.tests.test_pos_features.TestSalesAPIWithFilters" name="test_get_sales_custom_range" time="0.015" /><testcase classname="backend.tests.test_pos_features.TestProductHistoryAPI" name="test_get_product_purchase_history" time="0.022" /><testcase classname="backend.tests.test_pos_features.TestProductHistoryAPI" name="test_get_product_sales_history" time="0.064" /><testcase classname="backend.tests.test_pos_features.TestProductHistoryAPI" name="test_get_product_price_history" time="0.021" /><testcase classname="backend.tests.test_pos_features.TestSaleDetailAPI" name="test_get_sale_detail" time="0.021" /><testcase classname="backend.tests.test_pos_features.TestSaleDetailAPI" name="test_get_sale_invoice_pdf" time="0.027" /></testsuite></testsuites>