<?xml version="1.0" encoding="utf-8"?><testsuites name="pytest tests"><testsuite name="pytest" errors="0" failures="0" skipped="0" tests="13" time="4.074" timestamp="2026-02-10T21:51:34.242793+00:00" hostname="agent-env-92d7cd03-6dac-4976-beee-ad466950b314"><testcase classname="backend.tests.test_pagination_backup.TestAuthentication" name="test_login_success" time="0.301" /><testcase classname="backend.tests.test_pagination_backup.TestProductsPagination" name="test_products_paginated_basic" time="0.297" /><testcase classname="backend.tests.test_pagination_backup.TestProductsPagination" name="test_products_paginated_page_2" time="0.295" /><testcase classname="backend.tests.test_pagination_backup.TestProductsPagination" name="test_products_paginated_custom_page_size" time="0.298" /><testcase classname="backend.tests.test_pagination_backup.TestProductsPagination" name="test_products_paginated_with_search" time="0.298" /><testcase classname="backend.tests.test_pagination_backup.TestCustomersPagination" name="test_customers_paginated_basic" time="0.316" /><testcase classname="backend.tests.test_pagination_backup.TestCustomersPagination" name="test_customers_paginated_page_2" time="0.295" /><testcase classname="backend.tests.test_pagination_backup.TestSalesPagination" name="test_sales_paginated_basic" time="0.306" /><testcase classname="backend.tests.test_pagination_backup.TestAutoBackupSettings" name="test_get_auto_backup_settings" time="0.289" /><testcase classname="backend.tests.test_pagination_backup.TestAutoBackupSettings" name="test_post_auto_backup_settings" time="0.395" /><testcase classname="backend.tests.test_pagination_backup.TestAutoBackupSettings" name="test_run_auto_backup" time="0.321" /><testcase classname="backend.tests.test_pagination_backup.TestSmartNotifications" name="test_notifications_generate" time="0.297" /><testcase classname="backend.tests.test_pagination_backup.TestSmartNotifications" name="test_get_notifications" time="0.295" /></testsuite></testsuites>