<?xml version="1.0" encoding="utf-8"?><testsuites name="pytest tests"><testsuite name="pytest" errors="0" failures="0" skipped="0" tests="17" time="6.599" timestamp="2026-03-13T23:21:59.924174+00:00" hostname="agent-env-63c60f70-0206-4688-90d3-5d28786087e0"><testcase classname="backend.tests.test_robots_comprehensive.TestAuthEndpoints" name="test_super_admin_login_success" time="0.458" /><testcase classname="backend.tests.test_robots_comprehensive.TestAuthEndpoints" name="test_tenant_login_success" time="0.347" /><testcase classname="backend.tests.test_robots_comprehensive.TestAuthEndpoints" name="test_invalid_login_rejected" time="0.112" /><testcase classname="backend.tests.test_robots_comprehensive.TestRobotStatus" name="test_get_status_with_auth" time="0.470" /><testcase classname="backend.tests.test_robots_comprehensive.TestRobotStatus" name="test_status_without_auth_rejected" time="0.149" /><testcase classname="backend.tests.test_robots_comprehensive.TestRobotStatus" name="test_status_with_tenant_token_rejected" time="0.465" /><testcase classname="backend.tests.test_robots_comprehensive.TestRobotRun" name="test_run_inventory_robot" time="0.106" /><testcase classname="backend.tests.test_robots_comprehensive.TestRobotRun" name="test_run_debt_robot" time="0.150" /><testcase classname="backend.tests.test_robots_comprehensive.TestRobotRun" name="test_run_report_robot" time="0.114" /><testcase classname="backend.tests.test_robots_comprehensive.TestRobotRun" name="test_run_nonexistent_robot" time="0.124" /><testcase classname="backend.tests.test_robots_comprehensive.TestRobotRestart" name="test_restart_inventory_robot" time="1.157" /><testcase classname="backend.tests.test_robots_comprehensive.TestRobotRestart" name="test_restart_debt_robot" time="1.123" /><testcase classname="backend.tests.test_robots_comprehensive.TestRobotRestart" name="test_restart_report_robot" time="1.110" /><testcase classname="backend.tests.test_robots_comprehensive.TestRobotRestart" name="test_restart_nonexistent_robot" time="0.130" /><testcase classname="backend.tests.test_robots_comprehensive.TestRobotLifecycle" name="test_stop_all_robots" time="0.232" /><testcase classname="backend.tests.test_robots_comprehensive.TestRobotLifecycle" name="test_start_all_robots" time="0.120" /><testcase classname="backend.tests.test_robots_comprehensive.TestTenantOperations" name="test_get_products_with_tenant_token" time="0.127" /></testsuite></testsuites>