<?xml version="1.0" encoding="utf-8"?><testsuites name="pytest tests"><testsuite name="pytest" errors="0" failures="0" skipped="0" tests="17" time="4.032" timestamp="2026-02-09T15:23:26.547418+00:00" hostname="agent-env-dcd9651c-aacc-4ef0-90e2-7e026fb02fa6"><testcase classname="backend.tests.test_add_user_finance_reports.TestAuthentication" name="test_super_admin_login" time="0.301" /><testcase classname="backend.tests.test_add_user_finance_reports.TestAddUser" name="test_create_user_success" time="0.353" /><testcase classname="backend.tests.test_add_user_finance_reports.TestAddUser" name="test_create_user_duplicate_email" time="0.043" /><testcase classname="backend.tests.test_add_user_finance_reports.TestAddUser" name="test_create_user_short_password" time="0.044" /><testcase classname="backend.tests.test_add_user_finance_reports.TestAddUser" name="test_create_user_various_roles" time="1.908" /><testcase classname="backend.tests.test_add_user_finance_reports.TestAddUser" name="test_create_user_without_auth" time="0.036" /><testcase classname="backend.tests.test_add_user_finance_reports.TestFinanceReports" name="test_get_finance_reports_all" time="0.040" /><testcase classname="backend.tests.test_add_user_finance_reports.TestFinanceReports" name="test_get_finance_reports_monthly" time="0.041" /><testcase classname="backend.tests.test_add_user_finance_reports.TestFinanceReports" name="test_get_finance_reports_yearly" time="0.039" /><testcase classname="backend.tests.test_add_user_finance_reports.TestFinanceReports" name="test_payment_methods_structure" time="0.039" /><testcase classname="backend.tests.test_add_user_finance_reports.TestFinanceReports" name="test_net_profit_calculation" time="0.043" /><testcase classname="backend.tests.test_add_user_finance_reports.TestFinanceReports" name="test_finance_reports_without_super_admin" time="0.859" /><testcase classname="backend.tests.test_add_user_finance_reports.TestSaasPages" name="test_get_saas_stats" time="0.045" /><testcase classname="backend.tests.test_add_user_finance_reports.TestSaasPages" name="test_get_saas_tenants" time="0.037" /><testcase classname="backend.tests.test_add_user_finance_reports.TestSaasPages" name="test_get_saas_payments" time="0.039" /><testcase classname="backend.tests.test_add_user_finance_reports.TestSaasPages" name="test_get_saas_plans" time="0.040" /><testcase classname="backend.tests.test_add_user_finance_reports.TestUsersPage" name="test_get_users_list" time="0.038" /></testsuite></testsuites>