<?xml version="1.0" encoding="utf-8"?><testsuites name="pytest tests"><testsuite name="pytest" errors="0" failures="1" skipped="0" tests="26" time="13.041" timestamp="2026-02-21T19:47:16.832475+00:00" hostname="agent-env-7a1d7e24-8bef-4375-865d-33316542ff0f"><testcase classname="backend.tests.test_final_comprehensive.TestAuthentication" name="test_super_admin_login" time="0.480" /><testcase classname="backend.tests.test_final_comprehensive.TestAuthentication" name="test_tenant_login" time="0.355"><failure message="AssertionError: assert 'tenant_id' in 'tenant_33480bcd_b6dc_4bc2_83cb_455bd7525a66'">backend/tests/test_final_comprehensive.py:44: in test_tenant_login
    assert "tenant_id" in data["user"]["database_name"]
E   AssertionError: assert 'tenant_id' in 'tenant_33480bcd_b6dc_4bc2_83cb_455bd7525a66'</failure></testcase><testcase classname="backend.tests.test_final_comprehensive.TestAuthentication" name="test_invalid_login" time="0.141" /><testcase classname="backend.tests.test_final_comprehensive.TestDashboard" name="test_stats_endpoint" time="0.445" /><testcase classname="backend.tests.test_final_comprehensive.TestDashboard" name="test_sales_stats_endpoint" time="0.493" /><testcase classname="backend.tests.test_final_comprehensive.TestDashboard" name="test_profit_stats_endpoint" time="0.494" /><testcase classname="backend.tests.test_final_comprehensive.TestProducts" name="test_list_products" time="0.452" /><testcase classname="backend.tests.test_final_comprehensive.TestProducts" name="test_product_families" time="0.450" /><testcase classname="backend.tests.test_final_comprehensive.TestProducts" name="test_generate_article_code" time="0.459" /><testcase classname="backend.tests.test_final_comprehensive.TestCustomers" name="test_list_customers" time="0.476" /><testcase classname="backend.tests.test_final_comprehensive.TestCustomers" name="test_customer_families" time="0.455" /><testcase classname="backend.tests.test_final_comprehensive.TestSales" name="test_list_sales" time="0.545" /><testcase classname="backend.tests.test_final_comprehensive.TestSales" name="test_generate_sale_code" time="0.459" /><testcase classname="backend.tests.test_final_comprehensive.TestDailySessions" name="test_current_session" time="0.453" /><testcase classname="backend.tests.test_final_comprehensive.TestDailySessions" name="test_generate_session_code" time="0.502" /><testcase classname="backend.tests.test_final_comprehensive.TestBackupSystem" name="test_backup_endpoint_exists" time="0.613" /><testcase classname="backend.tests.test_final_comprehensive.TestSaaSAdmin" name="test_list_tenants" time="0.473" /><testcase classname="backend.tests.test_final_comprehensive.TestSaaSAdmin" name="test_list_plans" time="0.458" /><testcase classname="backend.tests.test_final_comprehensive.TestSaaSAdmin" name="test_list_payments" time="0.453" /><testcase classname="backend.tests.test_final_comprehensive.TestSystemErrors" name="test_get_system_errors" time="0.450" /><testcase classname="backend.tests.test_final_comprehensive.TestSystemErrors" name="test_maintenance_system_check" time="0.440" /><testcase classname="backend.tests.test_final_comprehensive.TestReports" name="test_reports_endpoint" time="0.457" /><testcase classname="backend.tests.test_final_comprehensive.TestWarehouses" name="test_list_warehouses" time="0.473" /><testcase classname="backend.tests.test_final_comprehensive.TestCashBoxes" name="test_list_cash_boxes" time="0.498" /><testcase classname="backend.tests.test_final_comprehensive.TestDelivery" name="test_list_wilayas" time="0.443" /><testcase classname="backend.tests.test_final_comprehensive.TestPOSFeatures" name="test_pos_data_loads" time="1.483" /></testsuite></testsuites>