<?xml version="1.0" encoding="utf-8"?><testsuites name="pytest tests"><testsuite name="pytest" errors="0" failures="0" skipped="0" tests="10" time="6.705" timestamp="2026-02-13T18:01:25.769560+00:00" hostname="agent-env-80287a55-6308-4a76-bf63-bf5314430e6a"><testcase classname="backend.tests.test_security_super_admin_fix.TestSecuritySuperAdminPrevention" name="test_register_with_super_admin_role_returns_403" time="0.360" /><testcase classname="backend.tests.test_security_super_admin_fix.TestSecuritySuperAdminPrevention" name="test_register_with_saas_admin_role_returns_403" time="0.210" /><testcase classname="backend.tests.test_security_super_admin_fix.TestSecuritySuperAdminPrevention" name="test_register_with_superadmin_case_insensitive_returns_403" time="0.180" /><testcase classname="backend.tests.test_security_super_admin_fix.TestSecuritySuperAdminPrevention" name="test_create_user_with_super_admin_role_by_tenant_returns_403" time="0.564" /><testcase classname="backend.tests.test_security_super_admin_fix.TestSecuritySuperAdminPrevention" name="test_update_user_to_super_admin_role_by_tenant_returns_403" time="1.164" /><testcase classname="backend.tests.test_security_super_admin_fix.TestSecuritySuperAdminPrevention" name="test_create_normal_user_with_seller_role_works" time="0.886" /><testcase classname="backend.tests.test_security_super_admin_fix.TestSecuritySuperAdminPrevention" name="test_create_normal_user_with_admin_role_works" time="1.469" /><testcase classname="backend.tests.test_security_super_admin_fix.TestSecuritySuperAdminPrevention" name="test_create_normal_user_with_manager_role_works" time="0.957" /><testcase classname="backend.tests.test_security_super_admin_fix.TestAuthLoginEndpoints" name="test_super_admin_login" time="0.423" /><testcase classname="backend.tests.test_security_super_admin_fix.TestAuthLoginEndpoints" name="test_tenant_admin_login" time="0.431" /></testsuite></testsuites>