<?xml version="1.0" encoding="utf-8"?><testsuites name="pytest tests"><testsuite name="pytest" errors="0" failures="0" skipped="0" tests="18" time="2.488" timestamp="2026-02-12T02:18:48.546141+00:00" hostname="agent-env-46108b3e-3648-4925-9b80-114783d6309d"><testcase classname="backend.tests.test_rbac_iteration39.TestRBACChanges" name="test_super_admin_post_products_blocked" time="0.328" /><testcase classname="backend.tests.test_rbac_iteration39.TestRBACChanges" name="test_super_admin_get_products_blocked" time="0.040" /><testcase classname="backend.tests.test_rbac_iteration39.TestRBACChanges" name="test_super_admin_get_customers_blocked" time="0.041" /><testcase classname="backend.tests.test_rbac_iteration39.TestRBACChanges" name="test_unauthenticated_get_products_blocked" time="0.038" /><testcase classname="backend.tests.test_rbac_iteration39.TestRBACChanges" name="test_tenant_a_can_create_product" time="0.304" /><testcase classname="backend.tests.test_rbac_iteration39.TestRBACChanges" name="test_tenant_a_can_list_products" time="0.045" /><testcase classname="backend.tests.test_rbac_iteration39.TestRBACChanges" name="test_tenant_b_cannot_see_tenant_a_products" time="0.347" /><testcase classname="backend.tests.test_rbac_iteration39.TestRBACChanges" name="test_tenant_a_can_create_customer" time="0.038" /><testcase classname="backend.tests.test_rbac_iteration39.TestRBACChanges" name="test_tenant_a_can_list_customers" time="0.038" /><testcase classname="backend.tests.test_rbac_iteration39.TestRBACChanges" name="test_super_admin_can_access_saas_tenants" time="0.051" /><testcase classname="backend.tests.test_rbac_iteration39.TestRBACChanges" name="test_super_admin_can_access_saas_plans" time="0.039" /><testcase classname="backend.tests.test_rbac_iteration39.TestRBACChanges" name="test_super_admin_can_access_monitoring" time="0.055" /><testcase classname="backend.tests.test_rbac_iteration39.TestRBACChanges" name="test_super_admin_can_manage_users" time="0.044" /><testcase classname="backend.tests.test_rbac_iteration39.TestRBACChanges" name="test_health_check" time="0.036" /><testcase classname="backend.tests.test_rbac_iteration39.TestRBACChanges" name="test_super_admin_login_works" time="0.281" /><testcase classname="backend.tests.test_rbac_iteration39.TestRBACChanges" name="test_tenant_login_works" time="0.264" /><testcase classname="backend.tests.test_rbac_iteration39.TestCleanup" name="test_cleanup_test_products" time="0.335" /><testcase classname="backend.tests.test_rbac_iteration39.TestCleanup" name="test_cleanup_test_customers" time="0.079" /></testsuite></testsuites>