<?xml version="1.0" encoding="utf-8"?><testsuites name="pytest tests"><testsuite name="pytest" errors="0" failures="0" skipped="0" tests="23" time="4.481" timestamp="2026-03-15T01:34:22.148101+00:00" hostname="agent-env-a21e2ca5-1370-42c5-94bb-c6db0d51d7be"><testcase classname="backend.tests.test_iteration74_p2_integrations.TestAuth" name="test_health_check" time="0.270" /><testcase classname="backend.tests.test_iteration74_p2_integrations.TestAuth" name="test_tenant_login" time="0.350" /><testcase classname="backend.tests.test_iteration74_p2_integrations.TestAuth" name="test_super_admin_login" time="0.359" /><testcase classname="backend.tests.test_iteration74_p2_integrations.TestStripeIntegration" name="test_get_subscription_packages" time="0.143" /><testcase classname="backend.tests.test_iteration74_p2_integrations.TestStripeIntegration" name="test_create_checkout_session" time="0.617" /><testcase classname="backend.tests.test_iteration74_p2_integrations.TestStripeIntegration" name="test_checkout_invalid_package" time="0.139" /><testcase classname="backend.tests.test_iteration74_p2_integrations.TestSendGridIntegration" name="test_email_status_without_auth" time="0.116" /><testcase classname="backend.tests.test_iteration74_p2_integrations.TestSendGridIntegration" name="test_email_status" time="0.455" /><testcase classname="backend.tests.test_iteration74_p2_integrations.TestSendGridIntegration" name="test_email_logs" time="0.154" /><testcase classname="backend.tests.test_iteration74_p2_integrations.TestWhatsAppIntegration" name="test_whatsapp_status_without_auth" time="0.119" /><testcase classname="backend.tests.test_iteration74_p2_integrations.TestWhatsAppIntegration" name="test_whatsapp_status" time="0.117" /><testcase classname="backend.tests.test_iteration74_p2_integrations.TestWhatsAppIntegration" name="test_whatsapp_logs" time="0.170" /><testcase classname="backend.tests.test_iteration74_p2_integrations.TestYalidineIntegration" name="test_yalidine_status_without_auth" time="0.117" /><testcase classname="backend.tests.test_iteration74_p2_integrations.TestYalidineIntegration" name="test_yalidine_status" time="0.121" /><testcase classname="backend.tests.test_iteration74_p2_integrations.TestYalidineIntegration" name="test_yalidine_wilayas" time="0.159" /><testcase classname="backend.tests.test_iteration74_p2_integrations.TestYalidineIntegration" name="test_yalidine_parcels" time="0.137" /><testcase classname="backend.tests.test_iteration74_p2_integrations.TestPushNotifications" name="test_push_status_without_auth" time="0.113" /><testcase classname="backend.tests.test_iteration74_p2_integrations.TestPushNotifications" name="test_push_status" time="0.132" /><testcase classname="backend.tests.test_iteration74_p2_integrations.TestPushNotifications" name="test_push_logs" time="0.124" /><testcase classname="backend.tests.test_iteration74_p2_integrations.TestRegressionChecks" name="test_products_requires_auth" time="0.122" /><testcase classname="backend.tests.test_iteration74_p2_integrations.TestRegressionChecks" name="test_products_with_auth" time="0.111" /><testcase classname="backend.tests.test_iteration74_p2_integrations.TestRegressionChecks" name="test_customers_with_auth" time="0.118" /><testcase classname="backend.tests.test_iteration74_p2_integrations.TestRegressionChecks" name="test_sales_with_auth" time="0.109" /></testsuite></testsuites>