<?xml version="1.0" encoding="utf-8"?><testsuites name="pytest tests"><testsuite name="pytest" errors="0" failures="0" skipped="0" tests="8" time="2.554" timestamp="2026-02-09T18:10:42.764011+00:00" hostname="agent-env-be7f35dd-7e76-48f3-b225-006f7eb086eb"><testcase classname="tests.test_pos_sales_flow.TestAuthentication" name="test_login_success" time="0.312" /><testcase classname="tests.test_pos_sales_flow.TestCashBoxesFrenchTranslation" name="test_get_cash_boxes" time="0.309" /><testcase classname="tests.test_pos_sales_flow.TestDailySessions" name="test_get_current_session" time="0.303" /><testcase classname="tests.test_pos_sales_flow.TestDailySessions" name="test_get_daily_sessions_list" time="0.303" /><testcase classname="tests.test_pos_sales_flow.TestSalesAPI" name="test_get_sales" time="0.344" /><testcase classname="tests.test_pos_sales_flow.TestSalesAPI" name="test_get_products" time="0.308" /><testcase classname="tests.test_pos_sales_flow.TestDashboardStats" name="test_get_stats" time="0.305" /><testcase classname="tests.test_pos_sales_flow.TestDashboardStats" name="test_get_sales_stats" time="0.309" /></testsuite></testsuites>