<?xml version="1.0" encoding="utf-8"?><testsuites name="pytest tests"><testsuite name="pytest" errors="0" failures="0" skipped="0" tests="34" time="5.144" timestamp="2026-03-14T06:42:54.197269+00:00" hostname="agent-env-f5bc839a-6815-4e8d-9735-6677453d65c6"><testcase classname="backend.tests.test_iteration69_regression.TestAuth" name="test_admin_login" time="0.738" /><testcase classname="backend.tests.test_iteration69_regression.TestAuth" name="test_tenant_login" time="0.325" /><testcase classname="backend.tests.test_iteration69_regression.TestProductsRoutes" name="test_get_products_list" time="0.459" /><testcase classname="backend.tests.test_iteration69_regression.TestProductsRoutes" name="test_get_products_paginated" time="0.106" /><testcase classname="backend.tests.test_iteration69_regression.TestProductsRoutes" name="test_create_product" time="0.108" /><testcase classname="backend.tests.test_iteration69_regression.TestCustomersRoutes" name="test_get_customers_list" time="0.106" /><testcase classname="backend.tests.test_iteration69_regression.TestCustomersRoutes" name="test_create_customer" time="0.117" /><testcase classname="backend.tests.test_iteration69_regression.TestSalesRoutes" name="test_get_sales_list" time="0.107" /><testcase classname="backend.tests.test_iteration69_regression.TestPurchasesRoutes" name="test_get_purchases_list" time="0.100" /><testcase classname="backend.tests.test_iteration69_regression.TestCashboxRoutes" name="test_get_cash_boxes" time="0.107" /><testcase classname="backend.tests.test_iteration69_regression.TestCashboxRoutes" name="test_get_transactions" time="0.118" /><testcase classname="backend.tests.test_iteration69_regression.TestDebtsRoutes" name="test_get_debts_list" time="0.115" /><testcase classname="backend.tests.test_iteration69_regression.TestExpensesRoutes" name="test_get_expenses_list" time="0.101" /><testcase classname="backend.tests.test_iteration69_regression.TestExpensesRoutes" name="test_get_expenses_stats" time="0.125" /><testcase classname="backend.tests.test_iteration69_regression.TestEmployeesRoutes" name="test_get_employees_list" time="0.100" /><testcase classname="backend.tests.test_iteration69_regression.TestEmployeesRoutes" name="test_get_salary_report" time="0.099" /><testcase classname="backend.tests.test_iteration69_regression.TestStatsRoutes" name="test_get_stats" time="0.116" /><testcase classname="backend.tests.test_iteration69_regression.TestStatsRoutes" name="test_get_sales_stats" time="0.101" /><testcase classname="backend.tests.test_iteration69_regression.TestStatsRoutes" name="test_get_profit_stats" time="0.098" /><testcase classname="backend.tests.test_iteration69_regression.TestStatsRoutes" name="test_sales_chart" time="0.105" /><testcase classname="backend.tests.test_iteration69_regression.TestStatsRoutes" name="test_sales_prediction" time="0.109" /><testcase classname="backend.tests.test_iteration69_regression.TestDailySessionsRoutes" name="test_get_daily_sessions" time="0.098" /><testcase classname="backend.tests.test_iteration69_regression.TestDailySessionsRoutes" name="test_get_current_session" time="0.119" /><testcase classname="backend.tests.test_iteration69_regression.TestDailySessionsRoutes" name="test_create_daily_session" time="0.330" /><testcase classname="backend.tests.test_iteration69_regression.TestRepairRoutes" name="test_get_repair_tickets" time="0.106" /><testcase classname="backend.tests.test_iteration69_regression.TestDefectiveRoutes" name="test_get_defective_stats" time="0.104" /><testcase classname="backend.tests.test_iteration69_regression.TestBackupRoutes" name="test_get_backup_stats_summary" time="0.098" /><testcase classname="backend.tests.test_iteration69_regression.TestWalletRoutes" name="test_get_wallet" time="0.106" /><testcase classname="backend.tests.test_iteration69_regression.TestPermissionsRoutes" name="test_get_permissions_catalog" time="0.097" /><testcase classname="backend.tests.test_iteration69_regression.TestSmartNotificationsRoutes" name="test_get_smart_notifications" time="0.106" /><testcase classname="backend.tests.test_iteration69_regression.TestSmartNotificationsRoutes" name="test_get_legacy_notifications" time="0.099" /><testcase classname="backend.tests.test_iteration69_regression.TestWarehouseSupplierRoutes" name="test_get_warehouses" time="0.102" /><testcase classname="backend.tests.test_iteration69_regression.TestWarehouseSupplierRoutes" name="test_get_suppliers" time="0.112" /><testcase classname="backend.tests.test_iteration69_regression.TestWarehouseSupplierRoutes" name="test_get_product_families" time="0.102" /></testsuite></testsuites>