<?xml version="1.0" encoding="utf-8"?><testsuites name="pytest tests"><testsuite name="pytest" errors="0" failures="0" skipped="0" tests="11" time="3.876" timestamp="2026-02-07T19:53:31.544269+00:00" hostname="agent-env-d77fc6ab-b97f-483a-9a50-f1bcca493ab6"><testcase classname="backend.tests.test_email_expense_reminders.TestEmailSettings" name="test_get_email_settings" time="0.343" /><testcase classname="backend.tests.test_email_expense_reminders.TestEmailSettings" name="test_update_email_settings_enable" time="0.307" /><testcase classname="backend.tests.test_email_expense_reminders.TestEmailSettings" name="test_update_email_settings_disable" time="0.341" /><testcase classname="backend.tests.test_email_expense_reminders.TestEmailSettings" name="test_get_email_settings_after_update" time="0.352" /><testcase classname="backend.tests.test_email_expense_reminders.TestExpenseReminders" name="test_get_expense_reminders_empty" time="0.319" /><testcase classname="backend.tests.test_email_expense_reminders.TestExpenseReminders" name="test_create_recurring_expense_and_check_reminder" time="0.396" /><testcase classname="backend.tests.test_email_expense_reminders.TestExpenseReminders" name="test_mark_expense_paid" time="0.457" /><testcase classname="backend.tests.test_email_expense_reminders.TestExpenseReminders" name="test_mark_paid_nonexistent_expense" time="0.302" /><testcase classname="backend.tests.test_email_expense_reminders.TestExpensesBasicCRUD" name="test_get_expenses_list" time="0.301" /><testcase classname="backend.tests.test_email_expense_reminders.TestExpensesBasicCRUD" name="test_create_expense" time="0.380" /><testcase classname="backend.tests.test_email_expense_reminders.TestExpensesBasicCRUD" name="test_get_expense_stats" time="0.308" /></testsuite></testsuites>