<?xml version="1.0" encoding="utf-8"?><testsuites name="pytest tests"><testsuite name="pytest" errors="0" failures="0" skipped="0" tests="28" time="6.853" timestamp="2026-03-15T02:33:17.266687+00:00" hostname="agent-env-8c064a7c-75be-4370-9ad4-e9083230c787"><testcase classname="backend.tests.test_iteration76_p1_performance.TestPaginationEndpoints" name="test_products_paginated" time="0.592" /><testcase classname="backend.tests.test_iteration76_p1_performance.TestPaginationEndpoints" name="test_sales_paginated" time="0.148" /><testcase classname="backend.tests.test_iteration76_p1_performance.TestPaginationEndpoints" name="test_purchases_paginated" time="0.135" /><testcase classname="backend.tests.test_iteration76_p1_performance.TestPaginationEndpoints" name="test_expenses_paginated" time="0.141" /><testcase classname="backend.tests.test_iteration76_p1_performance.TestPaginationEndpoints" name="test_debts_paginated" time="0.156" /><testcase classname="backend.tests.test_iteration76_p1_performance.TestPaginationEndpoints" name="test_suppliers_paginated" time="0.131" /><testcase classname="backend.tests.test_iteration76_p1_performance.TestPaginationEndpoints" name="test_employees_paginated" time="0.111" /><testcase classname="backend.tests.test_iteration76_p1_performance.TestPaginationEndpoints" name="test_customers_paginated" time="0.119" /><testcase classname="backend.tests.test_iteration76_p1_performance.TestPaginationEndpoints" name="test_cashbox_transactions_paginated" time="0.108" /><testcase classname="backend.tests.test_iteration76_p1_performance.TestPasswordValidation" name="test_register_weak_password_rejected" time="0.155" /><testcase classname="backend.tests.test_iteration76_p1_performance.TestPasswordValidation" name="test_register_strong_password_accepted" time="0.339" /><testcase classname="backend.tests.test_iteration76_p1_performance.TestPasswordValidation" name="test_register_missing_uppercase_rejected" time="0.118" /><testcase classname="backend.tests.test_iteration76_p1_performance.TestPasswordValidation" name="test_register_missing_special_char_rejected" time="0.115" /><testcase classname="backend.tests.test_iteration76_p1_performance.TestPasswordValidation" name="test_password_update_validation" time="0.562" /><testcase classname="backend.tests.test_iteration76_p1_performance.TestCacheManagement" name="test_cache_stats_returns_availability" time="0.486" /><testcase classname="backend.tests.test_iteration76_p1_performance.TestCacheManagement" name="test_cache_stats_requires_admin" time="0.455" /><testcase classname="backend.tests.test_iteration76_p1_performance.TestCacheManagement" name="test_cache_flush_clears_cache" time="0.131" /><testcase classname="backend.tests.test_iteration76_p1_performance.TestCacheManagement" name="test_stats_caching_behavior" time="0.438" /><testcase classname="backend.tests.test_iteration76_p1_performance.TestN1QueryFix" name="test_customers_with_family_name_populated" time="0.449" /><testcase classname="backend.tests.test_iteration76_p1_performance.TestN1QueryFix" name="test_suppliers_with_family_name_populated" time="0.113" /><testcase classname="backend.tests.test_iteration76_p1_performance.TestN1QueryFix" name="test_customers_paginated_with_family_name" time="0.132" /><testcase classname="backend.tests.test_iteration76_p1_performance.TestN1QueryFix" name="test_suppliers_paginated_with_family_name" time="0.130" /><testcase classname="backend.tests.test_iteration76_p1_performance.TestRegressionAfterChanges" name="test_login_still_works" time="0.360" /><testcase classname="backend.tests.test_iteration76_p1_performance.TestRegressionAfterChanges" name="test_standard_login_still_works" time="0.325" /><testcase classname="backend.tests.test_iteration76_p1_performance.TestRegressionAfterChanges" name="test_products_list_still_works" time="0.456" /><testcase classname="backend.tests.test_iteration76_p1_performance.TestRegressionAfterChanges" name="test_stats_endpoint_still_works" time="0.114" /><testcase classname="backend.tests.test_iteration76_p1_performance.TestRegressionAfterChanges" name="test_customers_endpoint_still_works" time="0.112" /><testcase classname="backend.tests.test_iteration76_p1_performance.TestRegressionAfterChanges" name="test_suppliers_endpoint_still_works" time="0.122" /></testsuite></testsuites>