<?xml version="1.0" encoding="utf-8"?><testsuites name="pytest tests"><testsuite name="pytest" errors="0" failures="0" skipped="0" tests="15" time="7.958" timestamp="2026-02-13T19:09:05.571743+00:00" hostname="agent-env-4a36841c-746e-494b-8177-861d19152d4a"><testcase classname="backend.tests.test_sendgrid_stripe_features.TestPaymentsPackages" name="test_get_packages_success" time="0.298" /><testcase classname="backend.tests.test_sendgrid_stripe_features.TestPaymentsPackages" name="test_packages_contain_expected_tiers" time="0.149" /><testcase classname="backend.tests.test_sendgrid_stripe_features.TestSendGridSettings" name="test_get_sendgrid_settings_success" time="0.477" /><testcase classname="backend.tests.test_sendgrid_stripe_features.TestSendGridSettings" name="test_get_sendgrid_settings_without_auth_fails" time="0.189" /><testcase classname="backend.tests.test_sendgrid_stripe_features.TestSendGridSettings" name="test_update_sendgrid_settings_success" time="0.853" /><testcase classname="backend.tests.test_sendgrid_stripe_features.TestStripeCheckout" name="test_create_checkout_session_success" time="0.801" /><testcase classname="backend.tests.test_sendgrid_stripe_features.TestStripeCheckout" name="test_create_checkout_invalid_package" time="0.125" /><testcase classname="backend.tests.test_sendgrid_stripe_features.TestPaymentRecords" name="test_get_payment_records_success" time="0.587" /><testcase classname="backend.tests.test_sendgrid_stripe_features.TestPaymentRecords" name="test_get_payment_records_without_auth_fails" time="0.134" /><testcase classname="backend.tests.test_sendgrid_stripe_features.TestPaymentRecords" name="test_create_payment_record_success" time="0.778" /><testcase classname="backend.tests.test_sendgrid_stripe_features.TestPaymentRecords" name="test_update_payment_record_success" time="0.785" /><testcase classname="backend.tests.test_sendgrid_stripe_features.TestPaymentRecords" name="test_delete_payment_record_success" time="0.979" /><testcase classname="backend.tests.test_sendgrid_stripe_features.TestPaymentRecords" name="test_payment_records_filter_by_status" time="0.629" /><testcase classname="backend.tests.test_sendgrid_stripe_features.TestAuthenticationRequirements" name="test_sendgrid_settings_requires_tenant_auth" time="0.387" /><testcase classname="backend.tests.test_sendgrid_stripe_features.TestAuthenticationRequirements" name="test_payment_records_requires_super_admin" time="0.709" /></testsuite></testsuites>