<?xml version="1.0" encoding="utf-8"?><testsuites name="pytest tests"><testsuite name="pytest" errors="0" failures="0" skipped="0" tests="18" time="6.827" timestamp="2026-02-12T02:57:37.593861+00:00" hostname="agent-env-a023769c-e4de-4a65-a7af-56d1d10d0be4"><testcase classname="backend.tests.test_iteration41_refactoring.TestSuperAdminLogin" name="test_super_admin_login_returns_correct_user_type" time="0.342" /><testcase classname="backend.tests.test_iteration41_refactoring.TestSuperAdminLogin" name="test_super_admin_can_access_saas_stats" time="0.317" /><testcase classname="backend.tests.test_iteration41_refactoring.TestSuperAdminLogin" name="test_super_admin_can_access_saas_plans" time="0.301" /><testcase classname="backend.tests.test_iteration41_refactoring.TestSuperAdminLogin" name="test_super_admin_can_access_saas_payments" time="0.303" /><testcase classname="backend.tests.test_iteration41_refactoring.TestMonitoringDashboard" name="test_monitoring_endpoint_returns_complete_structure" time="0.325" /><testcase classname="backend.tests.test_iteration41_refactoring.TestMonitoringDashboard" name="test_monitoring_tenant_stats_fields" time="0.316" /><testcase classname="backend.tests.test_iteration41_refactoring.TestMonitoringDashboard" name="test_monitoring_summary_has_totals" time="0.328" /><testcase classname="backend.tests.test_iteration41_refactoring.TestMonitoringDashboard" name="test_monitoring_alerts_for_subscriptions" time="0.317" /><testcase classname="backend.tests.test_iteration41_refactoring.TestRBACEnforcement" name="test_super_admin_blocked_from_products" time="0.299" /><testcase classname="backend.tests.test_iteration41_refactoring.TestRBACEnforcement" name="test_super_admin_blocked_from_customers" time="0.339" /><testcase classname="backend.tests.test_iteration41_refactoring.TestRBACEnforcement" name="test_super_admin_blocked_from_sales" time="0.339" /><testcase classname="backend.tests.test_iteration41_refactoring.TestRBACEnforcement" name="test_super_admin_blocked_from_expenses" time="0.339" /><testcase classname="backend.tests.test_iteration41_refactoring.TestRBACEnforcement" name="test_super_admin_can_access_saas_tenants" time="0.306" /><testcase classname="backend.tests.test_iteration41_refactoring.TestDataIsolation" name="test_tenant_a_sees_only_own_products" time="0.773" /><testcase classname="backend.tests.test_iteration41_refactoring.TestDataIsolation" name="test_tenant_b_sees_only_own_customers" time="0.706" /><testcase classname="backend.tests.test_iteration41_refactoring.TestImpersonationFeature" name="test_impersonation_endpoint_exists" time="0.340" /><testcase classname="backend.tests.test_iteration41_refactoring.TestImpersonationFeature" name="test_impersonation_returns_tenant_context" time="0.346" /><testcase classname="backend.tests.test_iteration41_refactoring.TestImpersonationFeature" name="test_impersonated_token_can_access_tenant_data" time="0.406" /></testsuite></testsuites>