<?xml version="1.0" encoding="utf-8"?><testsuites name="pytest tests"><testsuite name="pytest" errors="0" failures="0" skipped="0" tests="14" time="5.230" timestamp="2026-02-12T02:34:37.229163+00:00" hostname="agent-env-46108b3e-3648-4925-9b80-114783d6309d"><testcase classname="backend.tests.test_iteration40_features.TestImpersonationAPI" name="test_super_admin_can_get_tenant_list" time="0.370" /><testcase classname="backend.tests.test_iteration40_features.TestImpersonationAPI" name="test_impersonation_returns_valid_jwt" time="0.364" /><testcase classname="backend.tests.test_iteration40_features.TestImpersonationAPI" name="test_impersonation_token_can_list_tenant_products" time="0.431" /><testcase classname="backend.tests.test_iteration40_features.TestImpersonationAPI" name="test_impersonation_preserves_data_isolation" time="0.558" /><testcase classname="backend.tests.test_iteration40_features.TestImpersonationAPI" name="test_non_super_admin_cannot_impersonate" time="0.299" /><testcase classname="backend.tests.test_iteration40_features.TestImpersonationAPI" name="test_impersonate_nonexistent_tenant_returns_404" time="0.303" /><testcase classname="backend.tests.test_iteration40_features.TestAgentNameInTenants" name="test_tenants_response_includes_agent_name_field" time="0.307" /><testcase classname="backend.tests.test_iteration40_features.TestMonitoringAlerts" name="test_monitoring_returns_alerts_array" time="0.330" /><testcase classname="backend.tests.test_iteration40_features.TestMonitoringAlerts" name="test_monitoring_alert_structure" time="0.315" /><testcase classname="backend.tests.test_iteration40_features.TestMonitoringAlerts" name="test_expired_subscription_has_critical_severity" time="0.309" /><testcase classname="backend.tests.test_iteration40_features.TestMonitoringAlerts" name="test_expiring_soon_has_warning_severity" time="0.328" /><testcase classname="backend.tests.test_iteration40_features.TestMonitoringAlerts" name="test_alerts_sorted_by_severity" time="0.315" /><testcase classname="backend.tests.test_iteration40_features.TestDataIsolationStillWorks" name="test_tenant_a_cannot_see_tenant_b_products" time="0.600" /><testcase classname="backend.tests.test_iteration40_features.TestRBACStillWorks" name="test_super_admin_blocked_from_products" time="0.315" /></testsuite></testsuites>