<?xml version="1.0" encoding="utf-8"?><testsuites name="pytest tests"><testsuite name="pytest" errors="0" failures="0" skipped="0" tests="23" time="14.665" timestamp="2026-02-08T15:01:12.112250+00:00" hostname="agent-env-47268193-2b32-4840-ba5c-6b2948f2d7b6"><testcase classname="backend.tests.test_new_features_v3.TestAuthentication" name="test_login" time="0.296" /><testcase classname="backend.tests.test_new_features_v3.TestBackupAPIs" name="test_create_backup_download" time="0.392" /><testcase classname="backend.tests.test_new_features_v3.TestBackupAPIs" name="test_save_backup_to_server" time="0.048" /><testcase classname="backend.tests.test_new_features_v3.TestBackupAPIs" name="test_list_backups" time="0.037" /><testcase classname="backend.tests.test_new_features_v3.TestSelectiveDelete" name="test_selective_delete_wrong_confirmation" time="0.334" /><testcase classname="backend.tests.test_new_features_v3.TestSelectiveDelete" name="test_selective_delete_notifications" time="0.035" /><testcase classname="backend.tests.test_new_features_v3.TestEmployeeAccounts" name="test_list_employees" time="0.296" /><testcase classname="backend.tests.test_new_features_v3.TestEmployeeAccounts" name="test_create_employee" time="0.037" /><testcase classname="backend.tests.test_new_features_v3.TestEmployeeAccounts" name="test_create_employee_account" time="0.373" /><testcase classname="backend.tests.test_new_features_v3.TestEmployeeAccounts" name="test_delete_employee_account_no_account" time="0.102" /><testcase classname="backend.tests.test_new_features_v3.TestNotifications" name="test_get_notification_settings" time="0.291" /><testcase classname="backend.tests.test_new_features_v3.TestNotifications" name="test_update_notification_settings" time="0.117" /><testcase classname="backend.tests.test_new_features_v3.TestNotifications" name="test_get_all_notifications" time="0.038" /><testcase classname="backend.tests.test_new_features_v3.TestNotifications" name="test_mark_all_read" time="0.081" /><testcase classname="backend.tests.test_new_features_v3.TestCustomerFamilies" name="test_list_customer_families" time="0.293" /><testcase classname="backend.tests.test_new_features_v3.TestCustomerFamilies" name="test_create_customer_family" time="0.078" /><testcase classname="backend.tests.test_new_features_v3.TestCustomerFamilies" name="test_add_customer_with_family" time="0.151" /><testcase classname="backend.tests.test_new_features_v3.TestSupplierFamilies" name="test_list_supplier_families" time="0.303" /><testcase classname="backend.tests.test_new_features_v3.TestSupplierFamilies" name="test_create_supplier_family" time="0.076" /><testcase classname="backend.tests.test_new_features_v3.TestSupplierFamilies" name="test_add_supplier_with_family" time="0.135" /><testcase classname="backend.tests.test_new_features_v3.TestProductsAPI" name="test_list_products" time="0.329" /><testcase classname="backend.tests.test_new_features_v3.TestAIAssistant" name="test_ai_chat_endpoint" time="1.203" /><testcase classname="backend.tests.test_new_features_v3.TestAIAssistant" name="test_ai_analyze_endpoint" time="9.531" /></testsuite></testsuites>