<?xml version="1.0" encoding="utf-8"?><testsuites name="pytest tests"><testsuite name="pytest" errors="0" failures="0" skipped="0" tests="10" time="8.487" timestamp="2026-02-13T20:04:03.463012+00:00" hostname="agent-env-cc18db52-bd10-404a-ad78-3a2bfbfe7e8b"><testcase classname="tests.test_purchases_crud.TestPurchasesCRUD" name="test_get_purchase_by_id_success" time="1.309" /><testcase classname="tests.test_purchases_crud.TestPurchasesCRUD" name="test_get_purchase_not_found" time="0.481" /><testcase classname="tests.test_purchases_crud.TestPurchasesCRUD" name="test_update_purchase_paid_amount" time="1.643" /><testcase classname="tests.test_purchases_crud.TestPurchasesCRUD" name="test_update_purchase_to_fully_paid" time="0.962" /><testcase classname="tests.test_purchases_crud.TestPurchasesCRUD" name="test_update_purchase_notes" time="1.007" /><testcase classname="tests.test_purchases_crud.TestPurchasesCRUD" name="test_update_purchase_not_found" time="0.825" /><testcase classname="tests.test_purchases_crud.TestPurchasesCRUD" name="test_delete_purchase_success" time="0.964" /><testcase classname="tests.test_purchases_crud.TestPurchasesCRUD" name="test_delete_purchase_not_found" time="0.454" /><testcase classname="tests.test_purchases_crud.TestPurchasesCRUD" name="test_endpoints_require_authentication" time="0.371" /><testcase classname="tests.test_purchases_crud.TestGetPurchasesList" name="test_get_purchases_list" time="0.406" /></testsuite></testsuites>