<?xml version="1.0" encoding="utf-8"?><testsuites name="pytest tests"><testsuite name="pytest" errors="0" failures="1" skipped="1" tests="19" time="5.512" timestamp="2026-02-07T16:28:48.280534+00:00" hostname="agent-env-b669474e-e24e-485d-b6ef-921271409e3e"><testcase classname="backend.tests.test_new_features.TestAuth" name="test_login_success" time="0.333" /><testcase classname="backend.tests.test_new_features.TestBrandingSettings" name="test_get_branding_settings_public" time="0.042"><failure message="AssertionError: assert 'primary_color' in {'background_image_url': '', 'business_name': 'NT', 'id': 'global', 'logo_url': '', ...}">backend/tests/test_new_features.py:55: in test_get_branding_settings_public
    assert "primary_color" in data
E   AssertionError: assert 'primary_color' in {'background_image_url': '', 'business_name': 'NT', 'id': 'global', 'logo_url': '', ...}</failure></testcase><testcase classname="backend.tests.test_new_features.TestBrandingSettings" name="test_update_branding_settings_requires_admin" time="0.039" /><testcase classname="backend.tests.test_new_features.TestAdvancedAnalytics" name="test_sales_chart_week" time="0.305" /><testcase classname="backend.tests.test_new_features.TestAdvancedAnalytics" name="test_sales_chart_month" time="0.296" /><testcase classname="backend.tests.test_new_features.TestAdvancedAnalytics" name="test_sales_chart_year" time="0.304" /><testcase classname="backend.tests.test_new_features.TestAdvancedAnalytics" name="test_top_products" time="0.296" /><testcase classname="backend.tests.test_new_features.TestAdvancedAnalytics" name="test_top_customers" time="0.301" /><testcase classname="backend.tests.test_new_features.TestAdvancedAnalytics" name="test_employee_performance" time="0.305" /><testcase classname="backend.tests.test_new_features.TestAdvancedAnalytics" name="test_sales_prediction" time="0.302" /><testcase classname="backend.tests.test_new_features.TestAdvancedAnalytics" name="test_restock_suggestions" time="0.319" /><testcase classname="backend.tests.test_new_features.TestLoyaltyProgram" name="test_get_loyalty_settings" time="0.298" /><testcase classname="backend.tests.test_new_features.TestLoyaltyProgram" name="test_update_loyalty_settings" time="0.341" /><testcase classname="backend.tests.test_new_features.TestSMSCampaigns" name="test_get_campaigns" time="0.347" /><testcase classname="backend.tests.test_new_features.TestSMSCampaigns" name="test_create_campaign_mocked" time="0.307" /><testcase classname="backend.tests.test_new_features.TestWooCommercePublish" name="test_get_woocommerce_settings" time="0.298" /><testcase classname="backend.tests.test_new_features.TestWooCommercePublish" name="test_publish_product_to_woocommerce" time="0.350"><skipped type="pytest.skip" message="No products available to test">/app/backend/tests/test_new_features.py:349: No products available to test</skipped></testcase><testcase classname="backend.tests.test_new_features.TestWooCommercePublish" name="test_unpublish_product_from_woocommerce" time="0.320" /><testcase classname="backend.tests.test_new_features.TestCustomersList" name="test_get_customers" time="0.305" /></testsuite></testsuites>