<?xml version="1.0" encoding="utf-8"?><testsuites name="pytest tests"><testsuite name="pytest" errors="0" failures="2" skipped="0" tests="32" time="5.316" timestamp="2026-03-15T01:04:38.848590+00:00" hostname="agent-env-a21e2ca5-1370-42c5-94bb-c6db0d51d7be"><testcase classname="backend.tests.test_iteration72_regression.TestHealthAndSystem" name="test_health_endpoint" time="0.206" /><testcase classname="backend.tests.test_iteration72_regression.TestHealthAndSystem" name="test_system_info" time="0.130" /><testcase classname="backend.tests.test_iteration72_regression.TestAuthentication" name="test_tenant_login_success" time="0.338" /><testcase classname="backend.tests.test_iteration72_regression.TestAuthentication" name="test_super_admin_login_success" time="0.333" /><testcase classname="backend.tests.test_iteration72_regression.TestAuthentication" name="test_invalid_login" time="0.120" /><testcase classname="backend.tests.test_iteration72_regression.TestTenantCoreRoutes" name="test_products_list" time="0.466" /><testcase classname="backend.tests.test_iteration72_regression.TestTenantCoreRoutes" name="test_customers_list" time="0.126" /><testcase classname="backend.tests.test_iteration72_regression.TestTenantCoreRoutes" name="test_sales_list" time="0.113" /><testcase classname="backend.tests.test_iteration72_regression.TestShippingAndLoyalty" name="test_shipping_companies" time="0.121" /><testcase classname="backend.tests.test_iteration72_regression.TestShippingAndLoyalty" name="test_loyalty_settings" time="0.132" /><testcase classname="backend.tests.test_iteration72_regression.TestBrandingAndInvoices" name="test_branding_settings" time="0.115" /><testcase classname="backend.tests.test_iteration72_regression.TestBrandingAndInvoices" name="test_invoice_templates" time="0.157"><failure message="AssertionError: Invoice templates failed: Internal Server Error&#10;assert 500 == 200&#10; +  where 500 = &lt;Response [500]&gt;.status_code">backend/tests/test_iteration72_regression.py:180: in test_invoice_templates
    assert response.status_code == 200, f"Invoice templates failed: {response.text}"
E   AssertionError: Invoice templates failed: Internal Server Error
E   assert 500 == 200
E    +  where 500 = &lt;Response [500]&gt;.status_code</failure></testcase><testcase classname="backend.tests.test_iteration72_regression.TestBrandingAndInvoices" name="test_payment_gateways" time="0.128" /><testcase classname="backend.tests.test_iteration72_regression.TestOnlineStoreRoutes" name="test_store_settings" time="0.144" /><testcase classname="backend.tests.test_iteration72_regression.TestOnlineStoreRoutes" name="test_woocommerce_settings" time="0.126" /><testcase classname="backend.tests.test_iteration72_regression.TestSMSMarketingRoutes" name="test_sms_settings" time="0.112" /><testcase classname="backend.tests.test_iteration72_regression.TestSendGridEmailRoutes" name="test_email_settings" time="0.121" /><testcase classname="backend.tests.test_iteration72_regression.TestSendGridEmailRoutes" name="test_sendgrid_settings" time="0.113" /><testcase classname="backend.tests.test_iteration72_regression.TestStripeRoutes" name="test_stripe_packages" time="0.117" /><testcase classname="backend.tests.test_iteration72_regression.TestTenantAdminSettings" name="test_sim_slots" time="0.137"><failure message="AssertionError: SIM slots unexpected: 500&#10;assert 500 in [200, 404]&#10; +  where 500 = &lt;Response [500]&gt;.status_code">backend/tests/test_iteration72_regression.py:262: in test_sim_slots
    assert response.status_code in [200, 404], f"SIM slots unexpected: {response.status_code}"
E   AssertionError: SIM slots unexpected: 500
E   assert 500 in [200, 404]
E    +  where 500 = &lt;Response [500]&gt;.status_code</failure></testcase><testcase classname="backend.tests.test_iteration72_regression.TestTenantAdminSettings" name="test_system_settings" time="0.106" /><testcase classname="backend.tests.test_iteration72_regression.TestTenantAdminSettings" name="test_features_settings" time="0.117" /><testcase classname="backend.tests.test_iteration72_regression.TestTenantAdminSettings" name="test_receipt_settings" time="0.121" /><testcase classname="backend.tests.test_iteration72_regression.TestSuperAdminRoutes" name="test_saas_tenants" time="0.504" /><testcase classname="backend.tests.test_iteration72_regression.TestSuperAdminRoutes" name="test_robots_status" time="0.106" /><testcase classname="backend.tests.test_iteration72_regression.TestSuperAdminRoutes" name="test_sync_available_types" time="0.117" /><testcase classname="backend.tests.test_iteration72_regression.TestSuperAdminRoutes" name="test_system_updates_stats" time="0.127" /><testcase classname="backend.tests.test_iteration72_regression.TestSuperAdminRoutes" name="test_auto_reports" time="0.127" /><testcase classname="backend.tests.test_iteration72_regression.TestLegacyInlineRoutes" name="test_auth_me" time="0.124" /><testcase classname="backend.tests.test_iteration72_regression.TestLegacyInlineRoutes" name="test_notifications" time="0.125" /><testcase classname="backend.tests.test_iteration72_regression.TestLegacyInlineRoutes" name="test_blacklist" time="0.121" /><testcase classname="backend.tests.test_iteration72_regression.TestLegacyInlineRoutes" name="test_price_history" time="0.139" /></testsuite></testsuites>