<?xml version="1.0" encoding="utf-8"?><testsuites name="pytest tests"><testsuite name="pytest" errors="0" failures="0" skipped="0" tests="17" time="3.156" timestamp="2026-03-14T05:22:35.954920+00:00" hostname="agent-env-d7dd235e-6f63-4b4a-9ecc-ac53243f983d"><testcase classname="backend.tests.test_iteration65_new_robots_2fa.TestRobotStatusAll11" name="test_robots_status_returns_11_robots" time="0.713" /><testcase classname="backend.tests.test_iteration65_new_robots_2fa.TestRobotStatusAll11" name="test_robots_running_state" time="0.104" /><testcase classname="backend.tests.test_iteration65_new_robots_2fa.TestProfitRobot" name="test_run_profit_robot" time="0.106" /><testcase classname="backend.tests.test_iteration65_new_robots_2fa.TestRepairRobot" name="test_run_repair_robot" time="0.112" /><testcase classname="backend.tests.test_iteration65_new_robots_2fa.TestPredictionRobot" name="test_run_prediction_robot" time="0.114" /><testcase classname="backend.tests.test_iteration65_new_robots_2fa.TestNotificationRobot" name="test_run_notification_robot" time="0.216" /><testcase classname="backend.tests.test_iteration65_new_robots_2fa.TestSupplierRobot" name="test_run_supplier_robot" time="0.102" /><testcase classname="backend.tests.test_iteration65_new_robots_2fa.TestTwoFactorAuth" name="test_2fa_status" time="0.425" /><testcase classname="backend.tests.test_iteration65_new_robots_2fa.TestTwoFactorAuth" name="test_2fa_setup" time="0.123" /><testcase classname="backend.tests.test_iteration65_new_robots_2fa.TestTwoFactorAuth" name="test_2fa_verify_invalid_code" time="0.212" /><testcase classname="backend.tests.test_iteration65_new_robots_2fa.TestTwoFactorAuth" name="test_2fa_disable_invalid_code" time="0.113" /><testcase classname="backend.tests.test_iteration65_new_robots_2fa.TestExistingRobotsRegression" name="test_run_inventory_robot" time="0.118" /><testcase classname="backend.tests.test_iteration65_new_robots_2fa.TestExistingRobotsRegression" name="test_run_debt_robot" time="0.155" /><testcase classname="backend.tests.test_iteration65_new_robots_2fa.TestExistingRobotsRegression" name="test_run_report_robot" time="0.122" /><testcase classname="backend.tests.test_iteration65_new_robots_2fa.TestExistingRobotsRegression" name="test_run_customer_robot" time="0.099" /><testcase classname="backend.tests.test_iteration65_new_robots_2fa.TestExistingRobotsRegression" name="test_run_pricing_robot" time="0.110" /><testcase classname="backend.tests.test_iteration65_new_robots_2fa.TestExistingRobotsRegression" name="test_run_maintenance_robot" time="0.112" /></testsuite></testsuites>