<?xml version="1.0" encoding="utf-8"?><testsuites name="pytest tests"><testsuite name="pytest" errors="0" failures="0" skipped="0" tests="12" time="2.282" timestamp="2026-02-08T18:10:11.988786+00:00" hostname="agent-env-2dc66898-95f3-477a-bf69-7ccde97e4929"><testcase classname="backend.tests.test_new_features_v4.TestAuthentication" name="test_login_success" time="0.299" /><testcase classname="backend.tests.test_new_features_v4.TestPriceHistoryAPI" name="test_get_all_price_history" time="0.301" /><testcase classname="backend.tests.test_new_features_v4.TestPriceHistoryAPI" name="test_get_price_history_with_filter" time="0.074" /><testcase classname="backend.tests.test_new_features_v4.TestSmartReportsAPI" name="test_get_smart_report_settings" time="0.302" /><testcase classname="backend.tests.test_new_features_v4.TestSmartReportsAPI" name="test_get_smart_report_preview" time="0.038" /><testcase classname="backend.tests.test_new_features_v4.TestSmartReportsAPI" name="test_get_last_smart_report" time="0.040" /><testcase classname="backend.tests.test_new_features_v4.TestSmartReportsAPI" name="test_update_smart_report_settings" time="0.128" /><testcase classname="backend.tests.test_new_features_v4.TestEmployeeAlertsAPI" name="test_get_employees_list" time="0.290" /><testcase classname="backend.tests.test_new_features_v4.TestEmployeeAlertsAPI" name="test_get_active_employee_alerts" time="0.035" /><testcase classname="backend.tests.test_new_features_v4.TestEmployeeAlertsAPI" name="test_get_employee_alert_settings" time="0.074" /><testcase classname="backend.tests.test_new_features_v4.TestWarehouseAPI" name="test_get_warehouses" time="0.290" /><testcase classname="backend.tests.test_new_features_v4.TestEmailSettings" name="test_get_email_settings" time="0.331" /></testsuite></testsuites>