<?xml version="1.0" encoding="utf-8"?><testsuites name="pytest tests"><testsuite name="pytest" errors="0" failures="0" skipped="0" tests="8" time="8.451" timestamp="2026-03-11T22:34:57.177386+00:00" hostname="agent-env-6d4386ff-febe-442a-b585-f510b5cbc7db"><testcase classname="tests.test_ai_features.TestAIFeatures" name="test_ai_agents_status_endpoint" time="0.458" /><testcase classname="tests.test_ai_features.TestAIFeatures" name="test_financial_health_endpoint" time="0.408" /><testcase classname="tests.test_ai_features.TestAIFeatures" name="test_ai_chat_endpoint" time="1.463" /><testcase classname="tests.test_ai_features.TestAIFeatures" name="test_ai_chat_sessions_endpoint" time="0.412" /><testcase classname="tests.test_ai_features.TestAIFeatures" name="test_ai_insights_endpoint" time="0.452" /><testcase classname="tests.test_ai_features.TestAIFeatures" name="test_forecast_revenue_endpoint" time="3.301" /><testcase classname="tests.test_ai_features.TestAIFeatures" name="test_daily_summary_endpoint" time="0.419" /><testcase classname="tests.test_ai_features.TestAIFeatures" name="test_run_expense_classifier_agent" time="1.484" /></testsuite></testsuites>