<?xml version="1.0" encoding="utf-8"?><testsuites name="pytest tests"><testsuite name="pytest" errors="0" failures="0" skipped="1" tests="25" time="4.816" timestamp="2026-03-15T02:41:25.968645+00:00" hostname="agent-env-8c064a7c-75be-4370-9ad4-e9083230c787"><testcase classname="tests.test_iteration77_p2_features.TestRepairSystem" name="test_create_repair_ticket" time="1.027" /><testcase classname="tests.test_iteration77_p2_features.TestRepairSystem" name="test_get_all_tickets" time="0.131" /><testcase classname="tests.test_iteration77_p2_features.TestRepairSystem" name="test_get_tickets_paginated" time="0.129" /><testcase classname="tests.test_iteration77_p2_features.TestRepairSystem" name="test_update_ticket_status" time="0.116" /><testcase classname="tests.test_iteration77_p2_features.TestRepairSystem" name="test_get_single_ticket_with_history" time="0.119" /><testcase classname="tests.test_iteration77_p2_features.TestRepairSystem" name="test_get_repair_stats" time="0.119" /><testcase classname="tests.test_iteration77_p2_features.TestRepairSystem" name="test_delete_repair_ticket" time="0.127" /><testcase classname="tests.test_iteration77_p2_features.TestWalletSystem" name="test_get_wallet_auto_create" time="0.109" /><testcase classname="tests.test_iteration77_p2_features.TestWalletSystem" name="test_add_funds_admin" time="0.468" /><testcase classname="tests.test_iteration77_p2_features.TestWalletSystem" name="test_deduct_funds_admin" time="0.123" /><testcase classname="tests.test_iteration77_p2_features.TestWalletSystem" name="test_wallet_transactions_paginated" time="0.107" /><testcase classname="tests.test_iteration77_p2_features.TestWalletSystem" name="test_get_all_wallets_admin" time="0.105" /><testcase classname="tests.test_iteration77_p2_features.TestWalletSystem" name="test_get_wallet_stats" time="0.124" /><testcase classname="tests.test_iteration77_p2_features.TestWalletSystem" name="test_tenant_cannot_access_all_wallets" time="0.116" /><testcase classname="tests.test_iteration77_p2_features.TestBackupSystem" name="test_create_backup" time="0.150" /><testcase classname="tests.test_iteration77_p2_features.TestBackupSystem" name="test_list_backups" time="0.125" /><testcase classname="tests.test_iteration77_p2_features.TestBackupSystem" name="test_download_backup_returns_file" time="0.168" /><testcase classname="tests.test_iteration77_p2_features.TestBackupSystem" name="test_restore_backup" time="0.115" /><testcase classname="tests.test_iteration77_p2_features.TestBackupSystem" name="test_backup_stats" time="0.113" /><testcase classname="tests.test_iteration77_p2_features.TestAIRobots" name="test_robots_status_all_11_running" time="0.107" /><testcase classname="tests.test_iteration77_p2_features.TestAIRobots" name="test_run_profit_robot" time="0.116" /><testcase classname="tests.test_iteration77_p2_features.TestAIRobots" name="test_run_inventory_robot" time="0.113" /><testcase classname="tests.test_iteration77_p2_features.TestLoginRegression" name="test_super_admin_login" time="0.322" /><testcase classname="tests.test_iteration77_p2_features.TestLoginRegression" name="test_tenant_login" time="0.341" /><testcase classname="tests.test_iteration77_p2_features.TestLoginRegression" name="test_normal_user_login" time="0.131"><skipped type="pytest.skip" message="Normal user does not exist in database">/app/backend/tests/test_iteration77_p2_features.py:452: Normal user does not exist in database</skipped></testcase></testsuite></testsuites>