<?xml version="1.0" encoding="utf-8"?><testsuites name="pytest tests"><testsuite name="pytest" errors="0" failures="0" skipped="0" tests="25" time="11.175" timestamp="2026-03-15T00:52:08.858130+00:00" hostname="agent-env-a21e2ca5-1370-42c5-94bb-c6db0d51d7be"><testcase classname="backend.tests.test_iteration71_regression.TestHealthAndSystemInfo" name="test_health_endpoint" time="0.924" /><testcase classname="backend.tests.test_iteration71_regression.TestHealthAndSystemInfo" name="test_system_info" time="0.104" /><testcase classname="backend.tests.test_iteration71_regression.TestUnifiedLogin" name="test_tenant_login" time="0.332" /><testcase classname="backend.tests.test_iteration71_regression.TestUnifiedLogin" name="test_super_admin_login" time="0.336" /><testcase classname="backend.tests.test_iteration71_regression.TestUnifiedLogin" name="test_invalid_login" time="0.132" /><testcase classname="backend.tests.test_iteration71_regression.TestProductsAPI" name="test_get_products_with_tenant_token" time="0.510" /><testcase classname="backend.tests.test_iteration71_regression.TestOnlineStoreRoutes" name="test_store_settings" time="0.475" /><testcase classname="backend.tests.test_iteration71_regression.TestOnlineStoreRoutes" name="test_woocommerce_settings" time="0.458" /><testcase classname="backend.tests.test_iteration71_regression.TestSMSMarketingRoutes" name="test_sms_settings" time="0.453" /><testcase classname="backend.tests.test_iteration71_regression.TestSendGridEmailRoutes" name="test_email_settings" time="0.532" /><testcase classname="backend.tests.test_iteration71_regression.TestSendGridEmailRoutes" name="test_sendgrid_settings" time="0.481" /><testcase classname="backend.tests.test_iteration71_regression.TestStripeRoutes" name="test_payment_packages" time="0.128" /><testcase classname="backend.tests.test_iteration71_regression.TestShippingAndLoyalty" name="test_shipping_companies" time="0.504" /><testcase classname="backend.tests.test_iteration71_regression.TestShippingAndLoyalty" name="test_loyalty_settings" time="0.472" /><testcase classname="backend.tests.test_iteration71_regression.TestSaaSAdminRoutes" name="test_saas_tenants" time="0.490" /><testcase classname="backend.tests.test_iteration71_regression.TestSaaSAdminRoutes" name="test_saas_plans" time="0.468" /><testcase classname="backend.tests.test_iteration71_regression.TestSaaSAdminRoutes" name="test_robots_status" time="0.455" /><testcase classname="backend.tests.test_iteration71_regression.TestCoreRoutes" name="test_customers" time="0.479" /><testcase classname="backend.tests.test_iteration71_regression.TestCoreRoutes" name="test_sales" time="0.461" /><testcase classname="backend.tests.test_iteration71_regression.TestCoreRoutes" name="test_purchases" time="0.459" /><testcase classname="backend.tests.test_iteration71_regression.TestCoreRoutes" name="test_cash_boxes" time="0.451" /><testcase classname="backend.tests.test_iteration71_regression.TestCoreRoutes" name="test_expenses" time="0.503" /><testcase classname="backend.tests.test_iteration71_regression.TestCoreRoutes" name="test_suppliers" time="0.461" /><testcase classname="backend.tests.test_iteration71_regression.TestCoreRoutes" name="test_warehouses" time="0.522" /><testcase classname="backend.tests.test_iteration71_regression.TestCoreRoutes" name="test_stats" time="0.479" /></testsuite></testsuites>