<?xml version="1.0" encoding="utf-8"?><testsuites name="pytest tests"><testsuite name="pytest" errors="0" failures="10" skipped="1" tests="19" time="5.646" timestamp="2026-02-07T16:27:52.009110+00:00" hostname="agent-env-b669474e-e24e-485d-b6ef-921271409e3e"><testcase classname="backend.tests.test_new_features.TestAuth" name="test_login_success" time="0.306" /><testcase classname="backend.tests.test_new_features.TestBrandingSettings" name="test_get_branding_settings_public" time="0.044"><failure message="AssertionError: assert 'background_url' in {'background_image_url': '', 'business_name': 'NT', 'id': 'global', 'logo_url': '', ...}">backend/tests/test_new_features.py:53: in test_get_branding_settings_public
    assert "background_url" in data
E   AssertionError: assert 'background_url' in {'background_image_url': '', 'business_name': 'NT', 'id': 'global', 'logo_url': '', ...}</failure></testcase><testcase classname="backend.tests.test_new_features.TestBrandingSettings" name="test_update_branding_settings_requires_admin" time="0.042" /><testcase classname="backend.tests.test_new_features.TestAdvancedAnalytics" name="test_sales_chart_week" time="0.309"><failure message="AssertionError: assert False&#10; +  where False = isinstance({'data': [], 'period': 'week'}, list)">backend/tests/test_new_features.py:91: in test_sales_chart_week
    assert isinstance(data, list)
E   AssertionError: assert False
E    +  where False = isinstance({'data': [], 'period': 'week'}, list)</failure></testcase><testcase classname="backend.tests.test_new_features.TestAdvancedAnalytics" name="test_sales_chart_month" time="0.303"><failure message="AssertionError: assert False&#10; +  where False = isinstance({'data': [], 'period': 'month'}, list)">backend/tests/test_new_features.py:105: in test_sales_chart_month
    assert isinstance(data, list)
E   AssertionError: assert False
E    +  where False = isinstance({'data': [], 'period': 'month'}, list)</failure></testcase><testcase classname="backend.tests.test_new_features.TestAdvancedAnalytics" name="test_sales_chart_year" time="0.296" /><testcase classname="backend.tests.test_new_features.TestAdvancedAnalytics" name="test_top_products" time="0.309"><failure message="AssertionError: assert False&#10; +  where False = isinstance({'period': 'month', 'products': []}, list)">backend/tests/test_new_features.py:127: in test_top_products
    assert isinstance(data, list)
E   AssertionError: assert False
E    +  where False = isinstance({'period': 'month', 'products': []}, list)</failure></testcase><testcase classname="backend.tests.test_new_features.TestAdvancedAnalytics" name="test_top_customers" time="0.300"><failure message="AssertionError: assert False&#10; +  where False = isinstance({'customers': [], 'period': 'month'}, list)">backend/tests/test_new_features.py:143: in test_top_customers
    assert isinstance(data, list)
E   AssertionError: assert False
E    +  where False = isinstance({'customers': [], 'period': 'month'}, list)</failure></testcase><testcase classname="backend.tests.test_new_features.TestAdvancedAnalytics" name="test_employee_performance" time="0.348"><failure message="AssertionError: assert False&#10; +  where False = isinstance({'employees': [{'_id': None, 'sessions_count': 3, 'total_difference': 1000.0, 'total_sales': 0, ...}, {'_id': '1f56433c-21d5-42e2-9742-6ac5c6c08db1', 'sessions_count': 4, 'total_difference': -850.0, 'total_sales': 0, ...}, {'_id': 'd77dad7c-3acd-4db3-b7fd-b4977e5e85a9', 'sessions_count': 1, 'total_difference': 0.0, 'total_sales': 0, ...}], 'period': 'month'}, list)">backend/tests/test_new_features.py:159: in test_employee_performance
    assert isinstance(data, list)
E   AssertionError: assert False
E    +  where False = isinstance({'employees': [{'_id': None, 'sessions_count': 3, 'total_difference': 1000.0, 'total_sales': 0, ...}, {'_id': '1f56433c-21d5-42e2-9742-6ac5c6c08db1', 'sessions_count': 4, 'total_difference': -850.0, 'total_sales': 0, ...}, {'_id': 'd77dad7c-3acd-4db3-b7fd-b4977e5e85a9', 'sessions_count': 1, 'total_difference': 0.0, 'total_sales': 0, ...}], 'period': 'month'}, list)</failure></testcase><testcase classname="backend.tests.test_new_features.TestAdvancedAnalytics" name="test_sales_prediction" time="0.305"><failure message="AssertionError: assert 'next_week_sales' in {'confidence': 0, 'prediction': 0, 'trend': 'neutral'}">backend/tests/test_new_features.py:172: in test_sales_prediction
    assert "next_week_sales" in data
E   AssertionError: assert 'next_week_sales' in {'confidence': 0, 'prediction': 0, 'trend': 'neutral'}</failure></testcase><testcase classname="backend.tests.test_new_features.TestAdvancedAnalytics" name="test_restock_suggestions" time="0.306"><failure message="AssertionError: assert False&#10; +  where False = isinstance({'suggestions': [], 'total_products_needing_restock': 0}, list)">backend/tests/test_new_features.py:188: in test_restock_suggestions
    assert isinstance(data, list)
E   AssertionError: assert False
E    +  where False = isinstance({'suggestions': [], 'total_products_needing_restock': 0}, list)</failure></testcase><testcase classname="backend.tests.test_new_features.TestLoyaltyProgram" name="test_get_loyalty_settings" time="0.331"><failure message="AssertionError: assert 'welcome_bonus' in {'enabled': False, 'id': 'global', 'min_redeem_points': 100, 'points_per_dinar': 0.01, ...}">backend/tests/test_new_features.py:223: in test_get_loyalty_settings
    assert "welcome_bonus" in data
E   AssertionError: assert 'welcome_bonus' in {'enabled': False, 'id': 'global', 'min_redeem_points': 100, 'points_per_dinar': 0.01, ...}</failure></testcase><testcase classname="backend.tests.test_new_features.TestLoyaltyProgram" name="test_update_loyalty_settings" time="0.307" /><testcase classname="backend.tests.test_new_features.TestSMSCampaigns" name="test_get_campaigns" time="0.304" /><testcase classname="backend.tests.test_new_features.TestSMSCampaigns" name="test_create_campaign_mocked" time="0.336"><failure message="AssertionError: assert 'id' in {'campaign_id': '622763f4-4144-4bbb-96e4-e62ecee1dbda', 'message': 'تم إنشاء الحملة وإرسالها لـ 0 عميل (وضع المحاكاة)', 'recipients_count': 0, 'success': True}">backend/tests/test_new_features.py:289: in test_create_campaign_mocked
    assert "id" in data
E   AssertionError: assert 'id' in {'campaign_id': '622763f4-4144-4bbb-96e4-e62ecee1dbda', 'message': 'تم إنشاء الحملة وإرسالها لـ 0 عميل (وضع المحاكاة)', 'recipients_count': 0, 'success': True}</failure></testcase><testcase classname="backend.tests.test_new_features.TestWooCommercePublish" name="test_get_woocommerce_settings" time="0.311" /><testcase classname="backend.tests.test_new_features.TestWooCommercePublish" name="test_publish_product_to_woocommerce" time="0.294"><skipped type="pytest.skip" message="No products available to test">/app/backend/tests/test_new_features.py:335: No products available to test</skipped></testcase><testcase classname="backend.tests.test_new_features.TestWooCommercePublish" name="test_unpublish_product_from_woocommerce" time="0.313" /><testcase classname="backend.tests.test_new_features.TestCustomersList" name="test_get_customers" time="0.296" /></testsuite></testsuites>