<?xml version="1.0" encoding="utf-8"?><testsuites name="pytest tests"><testsuite name="pytest" errors="0" failures="0" skipped="0" tests="26" time="12.351" timestamp="2026-02-21T19:47:40.212392+00:00" hostname="agent-env-7a1d7e24-8bef-4375-865d-33316542ff0f"><testcase classname="backend.tests.test_final_comprehensive.TestAuthentication" name="test_super_admin_login" time="0.363" /><testcase classname="backend.tests.test_final_comprehensive.TestAuthentication" name="test_tenant_login" time="0.327" /><testcase classname="backend.tests.test_final_comprehensive.TestAuthentication" name="test_invalid_login" time="0.113" /><testcase classname="backend.tests.test_final_comprehensive.TestDashboard" name="test_stats_endpoint" time="0.432" /><testcase classname="backend.tests.test_final_comprehensive.TestDashboard" name="test_sales_stats_endpoint" time="0.450" /><testcase classname="backend.tests.test_final_comprehensive.TestDashboard" name="test_profit_stats_endpoint" time="0.443" /><testcase classname="backend.tests.test_final_comprehensive.TestProducts" name="test_list_products" time="0.440" /><testcase classname="backend.tests.test_final_comprehensive.TestProducts" name="test_product_families" time="0.461" /><testcase classname="backend.tests.test_final_comprehensive.TestProducts" name="test_generate_article_code" time="0.451" /><testcase classname="backend.tests.test_final_comprehensive.TestCustomers" name="test_list_customers" time="0.469" /><testcase classname="backend.tests.test_final_comprehensive.TestCustomers" name="test_customer_families" time="0.474" /><testcase classname="backend.tests.test_final_comprehensive.TestSales" name="test_list_sales" time="0.450" /><testcase classname="backend.tests.test_final_comprehensive.TestSales" name="test_generate_sale_code" time="0.491" /><testcase classname="backend.tests.test_final_comprehensive.TestDailySessions" name="test_current_session" time="0.438" /><testcase classname="backend.tests.test_final_comprehensive.TestDailySessions" name="test_generate_session_code" time="0.464" /><testcase classname="backend.tests.test_final_comprehensive.TestBackupSystem" name="test_backup_endpoint_exists" time="0.449" /><testcase classname="backend.tests.test_final_comprehensive.TestSaaSAdmin" name="test_list_tenants" time="0.481" /><testcase classname="backend.tests.test_final_comprehensive.TestSaaSAdmin" name="test_list_plans" time="0.574" /><testcase classname="backend.tests.test_final_comprehensive.TestSaaSAdmin" name="test_list_payments" time="0.454" /><testcase classname="backend.tests.test_final_comprehensive.TestSystemErrors" name="test_get_system_errors" time="0.668" /><testcase classname="backend.tests.test_final_comprehensive.TestSystemErrors" name="test_maintenance_system_check" time="0.499" /><testcase classname="backend.tests.test_final_comprehensive.TestReports" name="test_reports_endpoint" time="0.492" /><testcase classname="backend.tests.test_final_comprehensive.TestWarehouses" name="test_list_warehouses" time="0.470" /><testcase classname="backend.tests.test_final_comprehensive.TestCashBoxes" name="test_list_cash_boxes" time="0.467" /><testcase classname="backend.tests.test_final_comprehensive.TestDelivery" name="test_list_wilayas" time="0.526" /><testcase classname="backend.tests.test_final_comprehensive.TestPOSFeatures" name="test_pos_data_loads" time="0.908" /></testsuite></testsuites>