<?xml version="1.0" encoding="utf-8"?><testsuites name="pytest tests"><testsuite name="pytest" errors="0" failures="0" skipped="0" tests="17" time="34.633" timestamp="2026-03-15T02:06:31.678004+00:00" hostname="agent-env-8c064a7c-75be-4370-9ad4-e9083230c787"><testcase classname="tests.test_iteration75_security_fixes.TestLoginEndpoints" name="test_admin_unified_login_success" time="0.567" /><testcase classname="tests.test_iteration75_security_fixes.TestLoginEndpoints" name="test_tenant_unified_login_success" time="0.335" /><testcase classname="tests.test_iteration75_security_fixes.TestLoginEndpoints" name="test_standard_login_endpoint" time="0.417" /><testcase classname="tests.test_iteration75_security_fixes.TestLoginEndpoints" name="test_invalid_credentials_rejected" time="0.137" /><testcase classname="tests.test_iteration75_security_fixes.TestRateLimiting" name="test_rate_limit_on_login" time="4.309" /><testcase classname="tests.test_iteration75_security_fixes.TestRateLimiting" name="test_rate_limit_on_register" time="3.451" /><testcase classname="tests.test_iteration75_security_fixes.TestAdminOnlyEndpoints" name="test_robots_status_requires_admin" time="1.094" /><testcase classname="tests.test_iteration75_security_fixes.TestAdminOnlyEndpoints" name="test_admin_endpoints_authentication" time="1.049" /><testcase classname="tests.test_iteration75_security_fixes.TestCORSConfiguration" name="test_cors_allowed_origin" time="0.002" /><testcase classname="tests.test_iteration75_security_fixes.TestCORSConfiguration" name="test_cors_blocked_origin" time="0.001" /><testcase classname="tests.test_iteration75_security_fixes.TestJWTConfiguration" name="test_jwt_tokens_work" time="0.459" /><testcase classname="tests.test_iteration75_security_fixes.TestJWTConfiguration" name="test_invalid_token_rejected" time="0.104" /><testcase classname="tests.test_iteration75_security_fixes.TestPasswordLogging" name="test_login_does_not_log_password" time="0.190" /><testcase classname="tests.test_iteration75_security_fixes.TestGetAdminUserEnhancements" name="test_admin_user_requires_valid_identity" time="0.468" /><testcase classname="tests.test_iteration75_security_fixes.TestGetAdminUserEnhancements" name="test_tenant_cannot_access_admin_endpoints" time="0.457" /><testcase classname="tests.test_iteration75_security_fixes.TestSecurityRegressions" name="test_health_endpoint" time="0.105" /><testcase classname="tests.test_iteration75_security_fixes.TestSecurityRegressions" name="test_authenticated_endpoints_still_work" time="21.413" /></testsuite></testsuites>