<?xml version="1.0" encoding="utf-8"?><testsuites name="pytest tests"><testsuite name="pytest" errors="0" failures="0" skipped="0" tests="15" time="5.407" timestamp="2026-02-07T14:48:34.451186+00:00" hostname="agent-env-41c4a8de-0b0d-4128-9c18-8b1da9be4e5f"><testcase classname="backend.tests.test_daily_sessions_families.TestAuth" name="test_login_admin" time="0.299" /><testcase classname="backend.tests.test_daily_sessions_families.TestDailySessions" name="test_get_daily_sessions_list" time="0.305" /><testcase classname="backend.tests.test_daily_sessions_families.TestDailySessions" name="test_create_daily_session" time="0.431" /><testcase classname="backend.tests.test_daily_sessions_families.TestDailySessions" name="test_close_daily_session" time="0.379" /><testcase classname="backend.tests.test_daily_sessions_families.TestDailySessions" name="test_get_current_session" time="0.300" /><testcase classname="backend.tests.test_daily_sessions_families.TestCustomerFamilies" name="test_get_customer_families_list" time="0.297" /><testcase classname="backend.tests.test_daily_sessions_families.TestCustomerFamilies" name="test_create_customer_family" time="0.384" /><testcase classname="backend.tests.test_daily_sessions_families.TestCustomerFamilies" name="test_update_customer_family" time="0.371" /><testcase classname="backend.tests.test_daily_sessions_families.TestCustomerFamilies" name="test_delete_customer_family" time="0.375" /><testcase classname="backend.tests.test_daily_sessions_families.TestSupplierFamilies" name="test_get_supplier_families_list" time="0.342" /><testcase classname="backend.tests.test_daily_sessions_families.TestSupplierFamilies" name="test_create_supplier_family" time="0.339" /><testcase classname="backend.tests.test_daily_sessions_families.TestSupplierFamilies" name="test_update_supplier_family" time="0.374" /><testcase classname="backend.tests.test_daily_sessions_families.TestSupplierFamilies" name="test_delete_supplier_family" time="0.407" /><testcase classname="backend.tests.test_daily_sessions_families.TestExistingData" name="test_existing_customer_families" time="0.299" /><testcase classname="backend.tests.test_daily_sessions_families.TestExistingData" name="test_existing_supplier_families" time="0.319" /></testsuite></testsuites>