<?xml version="1.0" encoding="utf-8"?><testsuites name="pytest tests"><testsuite name="pytest" errors="0" failures="0" skipped="0" tests="12" time="6.210" timestamp="2026-02-13T20:26:23.857963+00:00" hostname="agent-env-cc18db52-bd10-404a-ad78-3a2bfbfe7e8b"><testcase classname="backend.tests.test_iteration47_features.TestPublicAPIs" name="test_saas_plans_public_returns_plans" time="0.138" /><testcase classname="backend.tests.test_iteration47_features.TestPublicAPIs" name="test_saas_plans_public_plan_has_pricing" time="0.180" /><testcase classname="backend.tests.test_iteration47_features.TestAuthenticatedAPIs" name="test_store_settings_get" time="0.581" /><testcase classname="backend.tests.test_iteration47_features.TestAuthenticatedAPIs" name="test_store_settings_put" time="0.762" /><testcase classname="backend.tests.test_iteration47_features.TestAuthenticatedAPIs" name="test_store_products_list" time="0.767" /><testcase classname="backend.tests.test_iteration47_features.TestAuthenticatedAPIs" name="test_store_orders_list" time="0.488" /><testcase classname="backend.tests.test_iteration47_features.TestPOSPageIntegration" name="test_products_endpoint" time="0.561" /><testcase classname="backend.tests.test_iteration47_features.TestPOSPageIntegration" name="test_customers_endpoint" time="0.450" /><testcase classname="backend.tests.test_iteration47_features.TestPOSPageIntegration" name="test_warehouses_endpoint" time="0.503" /><testcase classname="backend.tests.test_iteration47_features.TestPOSPageIntegration" name="test_delivery_wilayas_endpoint" time="0.515" /><testcase classname="backend.tests.test_iteration47_features.TestPOSPageIntegration" name="test_sale_code_generation" time="0.702" /><testcase classname="backend.tests.test_iteration47_features.TestPurchasesCRUD" name="test_purchases_list" time="0.497" /></testsuite></testsuites>