<?xml version="1.0" encoding="utf-8"?><testsuites name="pytest tests"><testsuite name="pytest" errors="0" failures="0" skipped="0" tests="15" time="7.798" timestamp="2026-02-20T22:59:49.755698+00:00" hostname="agent-env-7a1d7e24-8bef-4375-865d-33316542ff0f"><testcase classname="backend.tests.test_system_errors_api.TestSystemErrorsAPI" name="test_get_system_errors_returns_list_and_stats" time="0.486" /><testcase classname="backend.tests.test_system_errors_api.TestSystemErrorsAPI" name="test_get_system_errors_with_status_filter" time="0.468" /><testcase classname="backend.tests.test_system_errors_api.TestSystemErrorsAPI" name="test_get_system_errors_with_severity_filter" time="0.395" /><testcase classname="backend.tests.test_system_errors_api.TestSystemErrorsAPI" name="test_get_system_errors_unauthorized_without_token" time="0.509" /><testcase classname="backend.tests.test_system_errors_api.TestSystemErrorsAPI" name="test_create_system_error" time="0.543" /><testcase classname="backend.tests.test_system_errors_api.TestSystemErrorsAPI" name="test_auto_fix_error" time="0.651" /><testcase classname="backend.tests.test_system_errors_api.TestSystemErrorsAPI" name="test_manual_resolve_error" time="0.536" /><testcase classname="backend.tests.test_system_errors_api.TestSystemErrorsAPI" name="test_resolve_nonexistent_error_returns_404" time="0.440" /><testcase classname="backend.tests.test_system_errors_api.TestSystemErrorsAPI" name="test_clear_resolved_errors" time="0.645" /><testcase classname="backend.tests.test_system_errors_api.TestSystemErrorsAPI" name="test_maintenance_clear_cache" time="0.409" /><testcase classname="backend.tests.test_system_errors_api.TestSystemErrorsAPI" name="test_maintenance_reconnect_db" time="0.419" /><testcase classname="backend.tests.test_system_errors_api.TestSystemErrorsAPI" name="test_maintenance_restart_services" time="0.407" /><testcase classname="backend.tests.test_system_errors_api.TestSystemErrorsAPI" name="test_maintenance_system_check" time="0.846" /><testcase classname="backend.tests.test_system_errors_api.TestSystemErrorsAPI" name="test_maintenance_unauthorized_without_token" time="0.457" /><testcase classname="backend.tests.test_system_errors_api.TestSystemErrorsStats" name="test_stats_reflect_actual_error_counts" time="0.500" /></testsuite></testsuites>