<?xml version="1.0" encoding="utf-8"?><testsuites name="pytest tests"><testsuite name="pytest" errors="0" failures="0" skipped="0" tests="25" time="3.331" timestamp="2026-03-14T06:12:57.535273+00:00" hostname="agent-env-f5bc839a-6815-4e8d-9735-6677453d65c6"><testcase classname="backend.tests.test_iteration67_extracted_routes.TestProductsExtractedRoutes" name="test_get_products_list" time="0.462" /><testcase classname="backend.tests.test_iteration67_extracted_routes.TestProductsExtractedRoutes" name="test_get_products_paginated" time="0.124" /><testcase classname="backend.tests.test_iteration67_extracted_routes.TestProductsExtractedRoutes" name="test_quick_search_products" time="0.107" /><testcase classname="backend.tests.test_iteration67_extracted_routes.TestProductsExtractedRoutes" name="test_generate_barcode" time="0.103" /><testcase classname="backend.tests.test_iteration67_extracted_routes.TestProductsExtractedRoutes" name="test_generate_barcode_from_article_code" time="0.105" /><testcase classname="backend.tests.test_iteration67_extracted_routes.TestProductsExtractedRoutes" name="test_generate_sku" time="0.113" /><testcase classname="backend.tests.test_iteration67_extracted_routes.TestProductsExtractedRoutes" name="test_generate_article_code" time="0.104" /><testcase classname="backend.tests.test_iteration67_extracted_routes.TestProductsExtractedRoutes" name="test_low_stock_alerts" time="0.103" /><testcase classname="backend.tests.test_iteration67_extracted_routes.TestProductsExtractedRoutes" name="test_create_product" time="0.116" /><testcase classname="backend.tests.test_iteration67_extracted_routes.TestCustomersExtractedRoutes" name="test_get_customers_list" time="0.100" /><testcase classname="backend.tests.test_iteration67_extracted_routes.TestCustomersExtractedRoutes" name="test_get_customers_paginated" time="0.107" /><testcase classname="backend.tests.test_iteration67_extracted_routes.TestCustomersExtractedRoutes" name="test_generate_customer_code" time="0.097" /><testcase classname="backend.tests.test_iteration67_extracted_routes.TestCustomersExtractedRoutes" name="test_create_customer" time="0.106" /><testcase classname="backend.tests.test_iteration67_extracted_routes.TestSalesExtractedRoutes" name="test_get_sales_list" time="0.108" /><testcase classname="backend.tests.test_iteration67_extracted_routes.TestSalesExtractedRoutes" name="test_get_sales_paginated" time="0.101" /><testcase classname="backend.tests.test_iteration67_extracted_routes.TestSalesExtractedRoutes" name="test_generate_sale_code" time="0.102" /><testcase classname="backend.tests.test_iteration67_extracted_routes.TestSalesExtractedRoutes" name="test_create_sale_requires_items" time="0.323" /><testcase classname="backend.tests.test_iteration67_extracted_routes.TestPurchasesExtractedRoutes" name="test_get_purchases_list" time="0.110" /><testcase classname="backend.tests.test_iteration67_extracted_routes.TestPurchasesExtractedRoutes" name="test_generate_purchase_code" time="0.098" /><testcase classname="backend.tests.test_iteration67_extracted_routes.TestSmartNotificationsRouting" name="test_smart_notifications_api" time="0.113" /><testcase classname="backend.tests.test_iteration67_extracted_routes.TestRegressionPages" name="test_repairs_api" time="0.115" /><testcase classname="backend.tests.test_iteration67_extracted_routes.TestRegressionPages" name="test_defective_goods_api" time="0.104" /><testcase classname="backend.tests.test_iteration67_extracted_routes.TestRegressionPages" name="test_backup_api" time="0.099" /><testcase classname="backend.tests.test_iteration67_extracted_routes.TestRegressionPages" name="test_wallet_api" time="0.106" /><testcase classname="backend.tests.test_iteration67_extracted_routes.TestRegressionPages" name="test_permissions_catalog" time="0.111" /></testsuite></testsuites>