<?xml version="1.0" encoding="utf-8"?><testsuites name="pytest tests"><testsuite name="pytest" errors="0" failures="0" skipped="0" tests="19" time="4.017" timestamp="2026-02-06T19:43:47.925610+00:00" hostname="agent-env-e021e266-5aac-4643-bc79-b47471d12b15"><testcase classname="backend.tests.test_pos_delivery_debt.TestDeliveryEndpoints" name="test_get_all_wilayas" time="0.079" /><testcase classname="backend.tests.test_pos_delivery_debt.TestDeliveryEndpoints" name="test_wilaya_algiers_fees" time="0.039" /><testcase classname="backend.tests.test_pos_delivery_debt.TestDeliveryEndpoints" name="test_wilaya_tamanrasset_fees" time="0.038" /><testcase classname="backend.tests.test_pos_delivery_debt.TestDeliveryEndpoints" name="test_delivery_fee_calculation_desk" time="0.041" /><testcase classname="backend.tests.test_pos_delivery_debt.TestDeliveryEndpoints" name="test_delivery_fee_calculation_home" time="0.041" /><testcase classname="backend.tests.test_pos_delivery_debt.TestDeliveryEndpoints" name="test_delivery_fee_invalid_wilaya" time="0.036" /><testcase classname="backend.tests.test_pos_delivery_debt.TestAuthAndSetup" name="test_login" time="0.265" /><testcase classname="backend.tests.test_pos_delivery_debt.TestCustomerDebtFlow" name="test_customer_debt_no_debt" time="0.379" /><testcase classname="backend.tests.test_pos_delivery_debt.TestCustomerDebtFlow" name="test_customer_debt_not_found" time="0.041" /><testcase classname="backend.tests.test_pos_delivery_debt.TestDebtsSummary" name="test_debts_summary" time="0.303" /><testcase classname="backend.tests.test_pos_delivery_debt.TestCreditSale" name="test_credit_sale_requires_customer" time="0.412" /><testcase classname="backend.tests.test_pos_delivery_debt.TestCreditSale" name="test_credit_sale_creates_debt" time="0.131" /><testcase classname="backend.tests.test_pos_delivery_debt.TestPartialPaymentSale" name="test_partial_payment_sale" time="0.485" /><testcase classname="backend.tests.test_pos_delivery_debt.TestSaleWithDelivery" name="test_sale_with_delivery_desk" time="0.401" /><testcase classname="backend.tests.test_pos_delivery_debt.TestSaleWithDelivery" name="test_sale_with_home_delivery" time="0.050" /><testcase classname="backend.tests.test_pos_delivery_debt.TestProductFamilyFilter" name="test_get_product_families" time="0.321" /><testcase classname="backend.tests.test_pos_delivery_debt.TestProductFamilyFilter" name="test_filter_products_by_family" time="0.086" /><testcase classname="backend.tests.test_pos_delivery_debt.TestCleanup" name="test_cleanup_test_customers" time="0.499" /><testcase classname="backend.tests.test_pos_delivery_debt.TestCleanup" name="test_cleanup_test_products" time="0.164" /></testsuite></testsuites>