<?xml version="1.0" encoding="utf-8"?><testsuites name="pytest tests"><testsuite name="pytest" errors="0" failures="2" skipped="0" tests="12" time="5.432" timestamp="2026-03-13T21:12:22.864943+00:00" hostname="agent-env-d3277458-f499-47a1-b903-53ad985e7dea"><testcase classname="tests.test_iteration58_database_reset.TestHealthAndDatabase" name="test_health_endpoint" time="0.231" /><testcase classname="tests.test_iteration58_database_reset.TestHealthAndDatabase" name="test_cors_headers_present" time="0.244" /><testcase classname="tests.test_iteration58_database_reset.TestSuperAdminLogin" name="test_unified_login_super_admin" time="0.353" /><testcase classname="tests.test_iteration58_database_reset.TestTenantLogin" name="test_tenant_login_via_saas_endpoint" time="0.341" /><testcase classname="tests.test_iteration58_database_reset.TestSaaSAPIs" name="test_saas_stats" time="0.475" /><testcase classname="tests.test_iteration58_database_reset.TestSaaSAPIs" name="test_saas_plans_returns_3_plans" time="0.483" /><testcase classname="tests.test_iteration58_database_reset.TestSaaSAPIs" name="test_saas_tenants" time="0.519" /><testcase classname="tests.test_iteration58_database_reset.TestTaxAPIs" name="test_tax_rates_returns_4_rates" time="0.531"><failure message="assert 500 == 200&#10; +  where 500 = &lt;Response [500]&gt;.status_code">tests/test_iteration58_database_reset.py:142: in test_tax_rates_returns_4_rates
    assert response.status_code == 200
E   assert 500 == 200
E    +  where 500 = &lt;Response [500]&gt;.status_code</failure></testcase><testcase classname="tests.test_iteration58_database_reset.TestCurrencyAPIs" name="test_currencies_returns_5_currencies" time="0.584"><failure message="AssertionError: assert 10 == 5&#10; +  where 10 = len([{'code': 'DZD', 'id': '77da259c-b419-43f2-8597-f9effeaa0e3d', 'is_active': True, 'is_default': True, ...}, {'code': 'USD', 'id': '979700ef-3b6a-4da4-a5da-8295e18d019d', 'is_active': True, 'is_default': False, ...}, {'code': 'EUR', 'id': 'e6b11afb-bd7e-4b4c-a934-cbc912037603', 'is_active': True, 'is_default': False, ...}, {'code': 'GBP', 'id': 'bc2478e0-a4f1-48d6-88b1-c98edd6e4536', 'is_active': True, 'is_default': False, ...}, {'code': 'SAR', 'id': 'd5d98005-c120-46a0-a4ed-e66492471b4b', 'is_active': True, 'is_default': False, ...}, {'code': 'AED', 'id': '5046a39a-3144-41ed-a86f-b21fea4987a1', 'is_active': True, 'is_default': False, ...}, ...])">tests/test_iteration58_database_reset.py:167: in test_currencies_returns_5_currencies
    assert len(data) == 5
E   AssertionError: assert 10 == 5
E    +  where 10 = len([{'code': 'DZD', 'id': '77da259c-b419-43f2-8597-f9effeaa0e3d', 'is_active': True, 'is_default': True, ...}, {'code': 'USD', 'id': '979700ef-3b6a-4da4-a5da-8295e18d019d', 'is_active': True, 'is_default': False, ...}, {'code': 'EUR', 'id': 'e6b11afb-bd7e-4b4c-a934-cbc912037603', 'is_active': True, 'is_default': False, ...}, {'code': 'GBP', 'id': 'bc2478e0-a4f1-48d6-88b1-c98edd6e4536', 'is_active': True, 'is_default': False, ...}, {'code': 'SAR', 'id': 'd5d98005-c120-46a0-a4ed-e66492471b4b', 'is_active': True, 'is_default': False, ...}, {'code': 'AED', 'id': '5046a39a-3144-41ed-a86f-b21fea4987a1', 'is_active': True, 'is_default': False, ...}, ...])</failure></testcase><testcase classname="tests.test_iteration58_database_reset.TestWhatsAppAPIs" name="test_whatsapp_config_accessible" time="0.531" /><testcase classname="tests.test_iteration58_database_reset.TestWhatsAppAPIs" name="test_whatsapp_stats_accessible" time="0.524" /><testcase classname="tests.test_iteration58_database_reset.TestAccountingAPIs" name="test_accounts_accessible" time="0.510" /></testsuite></testsuites>