<?xml version="1.0" encoding="utf-8"?><testsuites name="pytest tests"><testsuite name="pytest" errors="0" failures="0" skipped="0" tests="15" time="1.361" timestamp="2026-02-07T15:05:26.208799+00:00" hostname="agent-env-41c4a8de-0b0d-4128-9c18-8b1da9be4e5f"><testcase classname="backend.tests.test_daily_sessions_employees.TestAuthSetup" name="test_admin_login" time="0.302" /><testcase classname="backend.tests.test_daily_sessions_employees.TestAuthSetup" name="test_create_second_user" time="0.269" /><testcase classname="backend.tests.test_daily_sessions_employees.TestDailySessionsEmployeeFeatures" name="test_create_session_linked_to_user" time="0.119" /><testcase classname="backend.tests.test_daily_sessions_employees.TestDailySessionsEmployeeFeatures" name="test_create_session_prevents_duplicate_for_same_user" time="0.078" /><testcase classname="backend.tests.test_daily_sessions_employees.TestDailySessionsEmployeeFeatures" name="test_create_session_allows_different_users" time="0.116" /><testcase classname="backend.tests.test_daily_sessions_employees.TestDailySessionsEmployeeFeatures" name="test_get_sessions_returns_own_sessions_only" time="0.040" /><testcase classname="backend.tests.test_daily_sessions_employees.TestDailySessionsEmployeeFeatures" name="test_user2_gets_own_sessions_only" time="0.044" /><testcase classname="backend.tests.test_daily_sessions_employees.TestDailySessionsEmployeeFeatures" name="test_get_all_sessions_admin_only" time="0.037" /><testcase classname="backend.tests.test_daily_sessions_employees.TestDailySessionsEmployeeFeatures" name="test_get_all_sessions_non_admin_gets_own_only" time="0.042" /><testcase classname="backend.tests.test_daily_sessions_employees.TestDailySessionsEmployeeFeatures" name="test_get_summary_overall_and_per_employee" time="0.041" /><testcase classname="backend.tests.test_daily_sessions_employees.TestDailySessionsEmployeeFeatures" name="test_summary_requires_admin" time="0.045" /><testcase classname="backend.tests.test_daily_sessions_employees.TestDailySessionsEmployeeFeatures" name="test_close_session_validates_owner" time="0.041" /><testcase classname="backend.tests.test_daily_sessions_employees.TestDailySessionsEmployeeFeatures" name="test_admin_can_close_any_session" time="0.041" /><testcase classname="backend.tests.test_daily_sessions_employees.TestDailySessionsEmployeeFeatures" name="test_owner_can_close_own_session" time="0.041" /><testcase classname="backend.tests.test_daily_sessions_employees.TestCleanup" name="test_cleanup_test_user" time="0.039" /></testsuite></testsuites>