<?xml version="1.0" encoding="utf-8"?><testsuites name="pytest tests"><testsuite name="pytest" errors="0" failures="0" skipped="0" tests="22" time="8.422" timestamp="2026-02-12T01:57:48.867308+00:00" hostname="agent-env-46108b3e-3648-4925-9b80-114783d6309d"><testcase classname="backend.tests.test_data_isolation.TestAuthentication" name="test_health_check" time="0.091" /><testcase classname="backend.tests.test_data_isolation.TestAuthentication" name="test_super_admin_login" time="0.259" /><testcase classname="backend.tests.test_data_isolation.TestAuthentication" name="test_tenant_a_login" time="0.266" /><testcase classname="backend.tests.test_data_isolation.TestAuthentication" name="test_tenant_b_login" time="0.309" /><testcase classname="backend.tests.test_data_isolation.TestSaasAdminAccess" name="test_get_saas_tenants" time="0.318" /><testcase classname="backend.tests.test_data_isolation.TestSaasAdminAccess" name="test_get_saas_plans" time="0.311" /><testcase classname="backend.tests.test_data_isolation.TestSaasAdminAccess" name="test_super_admin_cannot_see_tenant_products" time="0.299" /><testcase classname="backend.tests.test_data_isolation.TestProductDataIsolation" name="test_tenant_a_can_list_own_products" time="0.304" /><testcase classname="backend.tests.test_data_isolation.TestProductDataIsolation" name="test_tenant_b_can_list_own_products" time="0.301" /><testcase classname="backend.tests.test_data_isolation.TestProductDataIsolation" name="test_tenant_a_cannot_see_tenant_b_products" time="0.605" /><testcase classname="backend.tests.test_data_isolation.TestProductDataIsolation" name="test_tenant_b_cannot_see_tenant_a_products" time="0.611" /><testcase classname="backend.tests.test_data_isolation.TestProductDataIsolation" name="test_tenant_a_create_product_not_visible_to_tenant_b" time="0.642" /><testcase classname="backend.tests.test_data_isolation.TestCustomerDataIsolation" name="test_tenant_a_can_list_own_customers" time="0.305" /><testcase classname="backend.tests.test_data_isolation.TestCustomerDataIsolation" name="test_tenant_b_can_list_own_customers" time="0.303" /><testcase classname="backend.tests.test_data_isolation.TestCustomerDataIsolation" name="test_tenant_a_cannot_see_tenant_b_customers" time="0.657" /><testcase classname="backend.tests.test_data_isolation.TestCustomerDataIsolation" name="test_tenant_a_create_customer_not_visible_to_tenant_b" time="0.638" /><testcase classname="backend.tests.test_data_isolation.TestTenantProductCRUD" name="test_create_product" time="0.301" /><testcase classname="backend.tests.test_data_isolation.TestTenantProductCRUD" name="test_read_product" time="0.371" /><testcase classname="backend.tests.test_data_isolation.TestTenantProductCRUD" name="test_update_product" time="0.424" /><testcase classname="backend.tests.test_data_isolation.TestTenantProductCRUD" name="test_delete_product" time="0.381" /><testcase classname="backend.tests.test_data_isolation.TestTenantCustomerCRUD" name="test_create_customer" time="0.335" /><testcase classname="backend.tests.test_data_isolation.TestTenantCustomerCRUD" name="test_list_customers" time="0.301" /></testsuite></testsuites>