<?xml version="1.0" encoding="utf-8"?><testsuites name="pytest tests"><testsuite name="pytest" errors="0" failures="0" skipped="0" tests="11" time="0.960" timestamp="2026-02-10T20:48:52.058687+00:00" hostname="agent-env-92d7cd03-6dac-4976-beee-ad466950b314"><testcase classname="backend.tests.test_pagination_apis.TestProductsPagination" name="test_products_paginated_default_params" time="0.071" /><testcase classname="backend.tests.test_pagination_apis.TestProductsPagination" name="test_products_paginated_custom_page_size" time="0.046" /><testcase classname="backend.tests.test_pagination_apis.TestProductsPagination" name="test_products_paginated_page_2" time="0.071" /><testcase classname="backend.tests.test_pagination_apis.TestProductsPagination" name="test_products_paginated_with_search" time="0.041" /><testcase classname="backend.tests.test_pagination_apis.TestProductsPagination" name="test_products_paginated_edge_case_large_page" time="0.069" /><testcase classname="backend.tests.test_pagination_apis.TestCustomersPagination" name="test_customers_paginated_requires_auth" time="0.036" /><testcase classname="backend.tests.test_pagination_apis.TestCustomersPagination" name="test_customers_paginated_default_params" time="0.292" /><testcase classname="backend.tests.test_pagination_apis.TestCustomersPagination" name="test_customers_paginated_custom_page_size" time="0.075" /><testcase classname="backend.tests.test_pagination_apis.TestCustomersPagination" name="test_customers_paginated_with_search" time="0.033" /><testcase classname="backend.tests.test_pagination_apis.TestPaginationConsistency" name="test_products_total_matches_regular_endpoint" time="0.088" /><testcase classname="backend.tests.test_pagination_apis.TestPaginationConsistency" name="test_customers_total_matches_regular_endpoint" time="0.078" /></testsuite></testsuites>