<?xml version="1.0" encoding="utf-8"?><testsuites name="pytest tests"><testsuite name="pytest" errors="0" failures="0" skipped="0" tests="9" time="0.967" timestamp="2026-02-11T19:36:41.198176+00:00" hostname="agent-env-4c45f210-5261-4b17-b0dd-a45a8b423222"><testcase classname="backend.tests.test_tenant_auth_flow.TestTenantAuthFlow" name="test_tenant_unified_login" time="0.323" /><testcase classname="backend.tests.test_tenant_auth_flow.TestTenantAuthFlow" name="test_auth_me_returns_created_at" time="0.037" /><testcase classname="backend.tests.test_tenant_auth_flow.TestTenantAuthFlow" name="test_products_api_with_tenant_token" time="0.044" /><testcase classname="backend.tests.test_tenant_auth_flow.TestTenantAuthFlow" name="test_customers_api_with_tenant_token" time="0.080" /><testcase classname="backend.tests.test_tenant_auth_flow.TestTenantAuthFlow" name="test_suppliers_api_with_tenant_token" time="0.041" /><testcase classname="backend.tests.test_tenant_auth_flow.TestTenantAuthFlow" name="test_employees_api_with_tenant_token" time="0.041" /><testcase classname="backend.tests.test_tenant_auth_flow.TestTenantAuthFlow" name="test_sales_api_with_tenant_token" time="0.041" /><testcase classname="backend.tests.test_tenant_auth_flow.TestTenantAuthFlow" name="test_expenses_api_with_tenant_token" time="0.040" /><testcase classname="backend.tests.test_tenant_auth_flow.TestAdminLogin" name="test_admin_unified_login" time="0.257" /></testsuite></testsuites>