<?xml version="1.0" encoding="utf-8"?><testsuites name="pytest tests"><testsuite name="pytest" errors="0" failures="0" skipped="0" tests="9" time="4.544" timestamp="2026-02-09T21:07:13.032764+00:00" hostname="agent-env-50267538-0722-4c89-91cf-b47cda2cffb7"><testcase classname="backend.tests.test_iteration33_codes.TestCodeGenerationEndpoints" name="test_purchase_code_generation_format" time="0.351" /><testcase classname="backend.tests.test_iteration33_codes.TestCodeGenerationEndpoints" name="test_session_code_generation_format" time="0.309" /><testcase classname="backend.tests.test_iteration33_codes.TestCodeGenerationEndpoints" name="test_inventory_code_generation_format" time="0.309" /><testcase classname="backend.tests.test_iteration33_codes.TestCodeGenerationEndpoints" name="test_expense_code_generation_format" time="0.304" /><testcase classname="backend.tests.test_iteration33_codes.TestCodeGenerationEndpoints" name="test_sale_code_generation_format" time="0.332" /><testcase classname="backend.tests.test_iteration33_codes.TestOCREndpoint" name="test_ocr_endpoint_exists" time="1.976" /><testcase classname="backend.tests.test_iteration33_codes.TestDailySessionsAPI" name="test_daily_sessions_endpoint" time="0.302" /><testcase classname="backend.tests.test_iteration33_codes.TestDailySessionsAPI" name="test_current_session_endpoint" time="0.298" /><testcase classname="backend.tests.test_iteration33_codes.TestInventorySessionsAPI" name="test_inventory_sessions_endpoint" time="0.300" /></testsuite></testsuites>