<?xml version="1.0" encoding="utf-8"?><testsuites name="pytest tests"><testsuite name="pytest" errors="0" failures="2" skipped="0" tests="18" time="2.562" timestamp="2026-02-12T02:18:29.255350+00:00" hostname="agent-env-46108b3e-3648-4925-9b80-114783d6309d"><testcase classname="backend.tests.test_rbac_iteration39.TestRBACChanges" name="test_super_admin_post_products_blocked" time="0.361" /><testcase classname="backend.tests.test_rbac_iteration39.TestRBACChanges" name="test_super_admin_get_products_blocked" time="0.037" /><testcase classname="backend.tests.test_rbac_iteration39.TestRBACChanges" name="test_super_admin_get_customers_blocked" time="0.045" /><testcase classname="backend.tests.test_rbac_iteration39.TestRBACChanges" name="test_unauthenticated_get_products_blocked" time="0.042" /><testcase classname="backend.tests.test_rbac_iteration39.TestRBACChanges" name="test_tenant_a_can_create_product" time="0.311" /><testcase classname="backend.tests.test_rbac_iteration39.TestRBACChanges" name="test_tenant_a_can_list_products" time="0.042" /><testcase classname="backend.tests.test_rbac_iteration39.TestRBACChanges" name="test_tenant_b_cannot_see_tenant_a_products" time="0.349" /><testcase classname="backend.tests.test_rbac_iteration39.TestRBACChanges" name="test_tenant_a_can_create_customer" time="0.047" /><testcase classname="backend.tests.test_rbac_iteration39.TestRBACChanges" name="test_tenant_a_can_list_customers" time="0.038" /><testcase classname="backend.tests.test_rbac_iteration39.TestRBACChanges" name="test_super_admin_can_access_saas_tenants" time="0.047" /><testcase classname="backend.tests.test_rbac_iteration39.TestRBACChanges" name="test_super_admin_can_access_saas_plans" time="0.041" /><testcase classname="backend.tests.test_rbac_iteration39.TestRBACChanges" name="test_super_admin_can_access_monitoring" time="0.055" /><testcase classname="backend.tests.test_rbac_iteration39.TestRBACChanges" name="test_super_admin_can_manage_users" time="0.040" /><testcase classname="backend.tests.test_rbac_iteration39.TestRBACChanges" name="test_health_check" time="0.041"><failure message="assert ('healthy' == 'ok'&#10;  &#10;  - ok&#10;  + healthy or 'ok' in &quot;{'status': 'healthy'}&quot;)&#10; +  where &quot;{'status': 'healthy'}&quot; = &lt;built-in method lower of str object at 0xff239462b0f0&gt;()&#10; +    where &lt;built-in method lower of str object at 0xff239462b0f0&gt; = &quot;{'status': 'healthy'}&quot;.lower&#10; +      where &quot;{'status': 'healthy'}&quot; = str({'status': 'healthy'})">backend/tests/test_rbac_iteration39.py:238: in test_health_check
    assert data.get("status") == "ok" or "ok" in str(data).lower()
E   assert ('healthy' == 'ok'
E     
E     - ok
E     + healthy or 'ok' in "{'status': 'healthy'}")
E    +  where "{'status': 'healthy'}" = &lt;built-in method lower of str object at 0xff239462b0f0&gt;()
E    +    where &lt;built-in method lower of str object at 0xff239462b0f0&gt; = "{'status': 'healthy'}".lower
E    +      where "{'status': 'healthy'}" = str({'status': 'healthy'})</failure></testcase><testcase classname="backend.tests.test_rbac_iteration39.TestRBACChanges" name="test_super_admin_login_works" time="0.262" /><testcase classname="backend.tests.test_rbac_iteration39.TestRBACChanges" name="test_tenant_login_works" time="0.264"><failure message="AssertionError: assert (None or None)&#10; +  where None = &lt;built-in method get of dict object at 0xff23942d7300&gt;('tenant_id')&#10; +    where &lt;built-in method get of dict object at 0xff23942d7300&gt; = {'access_token': 'eyJhbGciOiJIUzI1NiIsInR5cCI6IkpXVCJ9.eyJzdWIiOiI1OGJkZTU5YS1jYjMwLTQ0NmMtYTRiZS00YzVjODhjOWM4MWIiLCJlbWFpbCI6InRlbmFudGFAdGVzdC5jb20iLCJyb2xlIjoidGVuYW50X2FkbWluIiwidHlwZSI6InRlbmFudCIsInRlbmFudF9pZCI6IjU4YmRlNTlhLWNiMzAtNDQ2Yy1hNGJlLTRjNWM4OGM5YzgxYiIsImV4cCI6MTc3MDk0OTExMX0.jK0k-coh1EMqJhZcOjnWL8xIbFRL2TF1PqdyvZxSNUI', 'redirect_to': '/tenant/dashboard', 'user': {'company_name': 'Company A', 'database_name': 'tenant_58bde59a_cb30_446c_a4be_4c5c88c9c81b', 'email': 'tenanta@test.com', 'id': '58bde59a-cb30-446c-a4be-4c5c88c9c81b', ...}, 'user_type': 'tenant'}.get&#10; +  and   None = &lt;built-in method get of dict object at 0xff23942d6640&gt;('tenant_id')&#10; +    where &lt;built-in method get of dict object at 0xff23942d6640&gt; = {'company_name': 'Company A', 'database_name': 'tenant_58bde59a_cb30_446c_a4be_4c5c88c9c81b', 'email': 'tenanta@test.com', 'id': '58bde59a-cb30-446c-a4be-4c5c88c9c81b', ...}.get&#10; +      where {'company_name': 'Company A', 'database_name': 'tenant_58bde59a_cb30_446c_a4be_4c5c88c9c81b', 'email': 'tenanta@test.com', 'id': '58bde59a-cb30-446c-a4be-4c5c88c9c81b', ...} = &lt;built-in method get of dict object at 0xff23942d7300&gt;('user', {})&#10; +        where &lt;built-in method get of dict object at 0xff23942d7300&gt; = {'access_token': 'eyJhbGciOiJIUzI1NiIsInR5cCI6IkpXVCJ9.eyJzdWIiOiI1OGJkZTU5YS1jYjMwLTQ0NmMtYTRiZS00YzVjODhjOWM4MWIiLCJlbWFpbCI6InRlbmFudGFAdGVzdC5jb20iLCJyb2xlIjoidGVuYW50X2FkbWluIiwidHlwZSI6InRlbmFudCIsInRlbmFudF9pZCI6IjU4YmRlNTlhLWNiMzAtNDQ2Yy1hNGJlLTRjNWM4OGM5YzgxYiIsImV4cCI6MTc3MDk0OTExMX0.jK0k-coh1EMqJhZcOjnWL8xIbFRL2TF1PqdyvZxSNUI', 'redirect_to': '/tenant/dashboard', 'user': {'company_name': 'Company A', 'database_name': 'tenant_58bde59a_cb30_446c_a4be_4c5c88c9c81b', 'email': 'tenanta@test.com', 'id': '58bde59a-cb30-446c-a4be-4c5c88c9c81b', ...}, 'user_type': 'tenant'}.get">backend/tests/test_rbac_iteration39.py:261: in test_tenant_login_works
    assert data.get("tenant_id") or data.get("user", {}).get("tenant_id")
E   AssertionError: assert (None or None)
E    +  where None = &lt;built-in method get of dict object at 0xff23942d7300&gt;('tenant_id')
E    +    where &lt;built-in method get of dict object at 0xff23942d7300&gt; = {'access_token': 'eyJhbGciOiJIUzI1NiIsInR5cCI6IkpXVCJ9.eyJzdWIiOiI1OGJkZTU5YS1jYjMwLTQ0NmMtYTRiZS00YzVjODhjOWM4MWIiLCJlbWFpbCI6InRlbmFudGFAdGVzdC5jb20iLCJyb2xlIjoidGVuYW50X2FkbWluIiwidHlwZSI6InRlbmFudCIsInRlbmFudF9pZCI6IjU4YmRlNTlhLWNiMzAtNDQ2Yy1hNGJlLTRjNWM4OGM5YzgxYiIsImV4cCI6MTc3MDk0OTExMX0.jK0k-coh1EMqJhZcOjnWL8xIbFRL2TF1PqdyvZxSNUI', 'redirect_to': '/tenant/dashboard', 'user': {'company_name': 'Company A', 'database_name': 'tenant_58bde59a_cb30_446c_a4be_4c5c88c9c81b', 'email': 'tenanta@test.com', 'id': '58bde59a-cb30-446c-a4be-4c5c88c9c81b', ...}, 'user_type': 'tenant'}.get
E    +  and   None = &lt;built-in method get of dict object at 0xff23942d6640&gt;('tenant_id')
E    +    where &lt;built-in method get of dict object at 0xff23942d6640&gt; = {'company_name': 'Company A', 'database_name': 'tenant_58bde59a_cb30_446c_a4be_4c5c88c9c81b', 'email': 'tenanta@test.com', 'id': '58bde59a-cb30-446c-a4be-4c5c88c9c81b', ...}.get
E    +      where {'company_name': 'Company A', 'database_name': 'tenant_58bde59a_cb30_446c_a4be_4c5c88c9c81b', 'email': 'tenanta@test.com', 'id': '58bde59a-cb30-446c-a4be-4c5c88c9c81b', ...} = &lt;built-in method get of dict object at 0xff23942d7300&gt;('user', {})
E    +        where &lt;built-in method get of dict object at 0xff23942d7300&gt; = {'access_token': 'eyJhbGciOiJIUzI1NiIsInR5cCI6IkpXVCJ9.eyJzdWIiOiI1OGJkZTU5YS1jYjMwLTQ0NmMtYTRiZS00YzVjODhjOWM4MWIiLCJlbWFpbCI6InRlbmFudGFAdGVzdC5jb20iLCJyb2xlIjoidGVuYW50X2FkbWluIiwidHlwZSI6InRlbmFudCIsInRlbmFudF9pZCI6IjU4YmRlNTlhLWNiMzAtNDQ2Yy1hNGJlLTRjNWM4OGM5YzgxYiIsImV4cCI6MTc3MDk0OTExMX0.jK0k-coh1EMqJhZcOjnWL8xIbFRL2TF1PqdyvZxSNUI', 'redirect_to': '/tenant/dashboard', 'user': {'company_name': 'Company A', 'database_name': 'tenant_58bde59a_cb30_446c_a4be_4c5c88c9c81b', 'email': 'tenanta@test.com', 'id': '58bde59a-cb30-446c-a4be-4c5c88c9c81b', ...}, 'user_type': 'tenant'}.get</failure></testcase><testcase classname="backend.tests.test_rbac_iteration39.TestCleanup" name="test_cleanup_test_products" time="0.350" /><testcase classname="backend.tests.test_rbac_iteration39.TestCleanup" name="test_cleanup_test_customers" time="0.077" /></testsuite></testsuites>