<?xml version="1.0" encoding="utf-8"?><testsuites name="pytest tests"><testsuite name="pytest" errors="0" failures="0" skipped="0" tests="35" time="9.583" timestamp="2026-03-15T01:16:57.945879+00:00" hostname="agent-env-a21e2ca5-1370-42c5-94bb-c6db0d51d7be"><testcase classname="tests.test_iteration73_permission_regression.TestHealthAndSystem" name="test_health_endpoint" time="2.330" /><testcase classname="tests.test_iteration73_permission_regression.TestHealthAndSystem" name="test_system_info" time="0.120" /><testcase classname="tests.test_iteration73_permission_regression.TestAuthentication" name="test_tenant_login_success" time="0.353" /><testcase classname="tests.test_iteration73_permission_regression.TestAuthentication" name="test_super_admin_login_success" time="0.346" /><testcase classname="tests.test_iteration73_permission_regression.TestAuthentication" name="test_invalid_login" time="0.121" /><testcase classname="tests.test_iteration73_permission_regression.TestPermissionEnforcement" name="test_products_requires_auth" time="0.122" /><testcase classname="tests.test_iteration73_permission_regression.TestPermissionEnforcement" name="test_sales_requires_auth" time="0.139" /><testcase classname="tests.test_iteration73_permission_regression.TestPermissionEnforcement" name="test_customers_requires_auth" time="0.128" /><testcase classname="tests.test_iteration73_permission_regression.TestPermissionEnforcement" name="test_invalid_token_rejected" time="0.127" /><testcase classname="tests.test_iteration73_permission_regression.TestTenantEndpoints" name="test_get_products" time="0.462" /><testcase classname="tests.test_iteration73_permission_regression.TestTenantEndpoints" name="test_get_sales" time="0.122" /><testcase classname="tests.test_iteration73_permission_regression.TestTenantEndpoints" name="test_get_customers" time="0.133" /><testcase classname="tests.test_iteration73_permission_regression.TestTenantEndpoints" name="test_get_purchases" time="0.106" /><testcase classname="tests.test_iteration73_permission_regression.TestTenantEndpoints" name="test_get_expenses" time="0.121" /><testcase classname="tests.test_iteration73_permission_regression.TestTenantEndpoints" name="test_get_employees" time="0.107" /><testcase classname="tests.test_iteration73_permission_regression.TestTenantEndpoints" name="test_get_warehouses" time="0.127" /><testcase classname="tests.test_iteration73_permission_regression.TestTenantEndpoints" name="test_get_debts" time="0.117" /><testcase classname="tests.test_iteration73_permission_regression.TestTenantEndpoints" name="test_get_daily_sessions" time="0.163" /><testcase classname="tests.test_iteration73_permission_regression.TestTenantEndpoints" name="test_get_suppliers" time="0.376" /><testcase classname="tests.test_iteration73_permission_regression.TestTenantEndpoints" name="test_get_cash_boxes" time="0.126" /><testcase classname="tests.test_iteration73_permission_regression.TestSettingsAndConfig" name="test_get_store_settings" time="0.477" /><testcase classname="tests.test_iteration73_permission_regression.TestSettingsAndConfig" name="test_get_sms_settings" time="0.114" /><testcase classname="tests.test_iteration73_permission_regression.TestSettingsAndConfig" name="test_get_email_settings" time="0.128" /><testcase classname="tests.test_iteration73_permission_regression.TestSettingsAndConfig" name="test_get_payments_packages" time="0.126" /><testcase classname="tests.test_iteration73_permission_regression.TestSettingsAndConfig" name="test_get_shipping_companies" time="0.120" /><testcase classname="tests.test_iteration73_permission_regression.TestSettingsAndConfig" name="test_get_loyalty_settings" time="0.121" /><testcase classname="tests.test_iteration73_permission_regression.TestSettingsAndConfig" name="test_get_invoice_templates" time="0.124" /><testcase classname="tests.test_iteration73_permission_regression.TestSettingsAndConfig" name="test_get_sim_slots" time="0.117" /><testcase classname="tests.test_iteration73_permission_regression.TestSettingsAndConfig" name="test_get_permissions_roles" time="0.110" /><testcase classname="tests.test_iteration73_permission_regression.TestSuperAdminEndpoints" name="test_get_saas_tenants" time="0.462" /><testcase classname="tests.test_iteration73_permission_regression.TestSuperAdminEndpoints" name="test_get_robots_status" time="0.120" /><testcase classname="tests.test_iteration73_permission_regression.TestSuperAdminEndpoints" name="test_get_system_updates_stats" time="0.104" /><testcase classname="tests.test_iteration73_permission_regression.TestSuperAdminEndpoints" name="test_tenant_cannot_access_saas_tenants" time="0.521" /><testcase classname="tests.test_iteration73_permission_regression.TestProductCRUD" name="test_product_create_with_auth" time="0.586" /><testcase classname="tests.test_iteration73_permission_regression.TestAuthMe" name="test_get_auth_me" time="0.501" /></testsuite></testsuites>