<?xml version="1.0" encoding="utf-8"?><testsuites name="pytest tests"><testsuite name="pytest" errors="0" failures="0" skipped="0" tests="15" time="2.707" timestamp="2026-02-14T13:50:22.271643+00:00" hostname="agent-env-b7d7c416-6ce0-414e-8752-9a7129d5bb1a"><testcase classname="backend.tests.test_pos_products.TestAuthentication" name="test_unified_login_success" time="0.442" /><testcase classname="backend.tests.test_pos_products.TestAuthentication" name="test_unified_login_invalid_credentials" time="0.324" /><testcase classname="backend.tests.test_pos_products.TestProducts" name="test_get_products" time="0.448" /><testcase classname="backend.tests.test_pos_products.TestProducts" name="test_create_product" time="0.168" /><testcase classname="backend.tests.test_pos_products.TestProducts" name="test_search_products_by_name" time="0.116" /><testcase classname="backend.tests.test_pos_products.TestProducts" name="test_search_products_by_barcode" time="0.105" /><testcase classname="backend.tests.test_pos_products.TestProducts" name="test_quick_search_products" time="0.113" /><testcase classname="backend.tests.test_pos_products.TestProducts" name="test_generate_article_code" time="0.103" /><testcase classname="backend.tests.test_pos_products.TestProducts" name="test_generate_barcode" time="0.107" /><testcase classname="backend.tests.test_pos_products.TestCustomers" name="test_get_customers" time="0.125" /><testcase classname="backend.tests.test_pos_products.TestCustomers" name="test_generate_customer_code" time="0.127" /><testcase classname="backend.tests.test_pos_products.TestSales" name="test_generate_sale_code" time="0.108" /><testcase classname="backend.tests.test_pos_products.TestProductFamilies" name="test_get_product_families" time="0.099" /><testcase classname="backend.tests.test_pos_products.TestWarehouses" name="test_get_warehouses" time="0.102" /><testcase classname="backend.tests.test_pos_products.TestDailySessions" name="test_check_current_session" time="0.134" /></testsuite></testsuites>