<?xml version="1.0" encoding="utf-8"?><testsuites name="pytest tests"><testsuite name="pytest" errors="0" failures="0" skipped="0" tests="20" time="3.339" timestamp="2026-02-06T19:29:40.487763+00:00" hostname="agent-env-e021e266-5aac-4643-bc79-b47471d12b15"><testcase classname="backend.tests.test_new_features.TestAuthSetup" name="test_auth_works" time="0.318" /><testcase classname="backend.tests.test_new_features.TestApiKeysEndpoints" name="test_get_api_keys_empty" time="0.309" /><testcase classname="backend.tests.test_new_features.TestApiKeysEndpoints" name="test_create_internal_api_key" time="0.040" /><testcase classname="backend.tests.test_new_features.TestApiKeysEndpoints" name="test_create_external_api_key" time="0.048" /><testcase classname="backend.tests.test_new_features.TestApiKeysEndpoints" name="test_toggle_api_key" time="0.150" /><testcase classname="backend.tests.test_new_features.TestApiKeysEndpoints" name="test_delete_api_key" time="0.137" /><testcase classname="backend.tests.test_new_features.TestRechargeEndpoints" name="test_get_recharge_config" time="0.321" /><testcase classname="backend.tests.test_new_features.TestRechargeEndpoints" name="test_create_recharge_mobilis" time="0.051" /><testcase classname="backend.tests.test_new_features.TestRechargeEndpoints" name="test_create_recharge_djezzy" time="0.043" /><testcase classname="backend.tests.test_new_features.TestRechargeEndpoints" name="test_create_recharge_ooredoo" time="0.052" /><testcase classname="backend.tests.test_new_features.TestRechargeEndpoints" name="test_get_recharge_history" time="0.041" /><testcase classname="backend.tests.test_new_features.TestRechargeEndpoints" name="test_get_recharge_stats" time="0.040" /><testcase classname="backend.tests.test_new_features.TestProductFamiliesEndpoints" name="test_get_product_families_list" time="0.297" /><testcase classname="backend.tests.test_new_features.TestProductFamiliesEndpoints" name="test_create_main_product_family" time="0.048" /><testcase classname="backend.tests.test_new_features.TestProductFamiliesEndpoints" name="test_create_sub_family" time="0.093" /><testcase classname="backend.tests.test_new_features.TestProductFamiliesEndpoints" name="test_update_product_family" time="0.088" /><testcase classname="backend.tests.test_new_features.TestProductFamiliesEndpoints" name="test_get_single_product_family" time="0.087" /><testcase classname="backend.tests.test_new_features.TestProductFamiliesEndpoints" name="test_delete_product_family" time="0.129" /><testcase classname="backend.tests.test_new_features.TestCleanup" name="test_cleanup_test_api_keys" time="0.540" /><testcase classname="backend.tests.test_new_features.TestCleanup" name="test_cleanup_test_product_families" time="0.281" /></testsuite></testsuites>