<?xml version="1.0" encoding="utf-8"?><testsuites name="pytest tests"><testsuite name="pytest" errors="0" failures="0" skipped="0" tests="16" time="5.002" timestamp="2026-03-11T23:35:10.101034+00:00" hostname="agent-env-d3277458-f499-47a1-b903-53ad985e7dea"><testcase classname="backend.tests.test_iteration57_features.TestAuthentication" name="test_tenant_login" time="0.489" /><testcase classname="backend.tests.test_iteration57_features.TestAuthentication" name="test_super_admin_login" time="0.363" /><testcase classname="backend.tests.test_iteration57_features.TestTaxRatesAPI" name="test_get_tax_rates" time="0.707" /><testcase classname="backend.tests.test_iteration57_features.TestTaxRatesAPI" name="test_create_tax_rate" time="0.147" /><testcase classname="backend.tests.test_iteration57_features.TestTaxReportAPI" name="test_generate_tax_report" time="0.457" /><testcase classname="backend.tests.test_iteration57_features.TestCurrenciesAPI" name="test_get_currencies" time="0.478" /><testcase classname="backend.tests.test_iteration57_features.TestCurrenciesAPI" name="test_convert_currency" time="0.132" /><testcase classname="backend.tests.test_iteration57_features.TestCurrenciesAPI" name="test_get_currency_settings" time="0.126" /><testcase classname="backend.tests.test_iteration57_features.TestWhatsAppAPI" name="test_get_whatsapp_config" time="0.500" /><testcase classname="backend.tests.test_iteration57_features.TestWhatsAppAPI" name="test_get_whatsapp_messages" time="0.109" /><testcase classname="backend.tests.test_iteration57_features.TestWhatsAppAPI" name="test_get_whatsapp_stats" time="0.109" /><testcase classname="backend.tests.test_iteration57_features.TestNotificationsAPI" name="test_get_unread_count" time="0.469" /><testcase classname="backend.tests.test_iteration57_features.TestNotificationsAPI" name="test_get_notifications" time="0.123" /><testcase classname="backend.tests.test_iteration57_features.TestNotificationsAPI" name="test_get_notification_preferences" time="0.114" /><testcase classname="backend.tests.test_iteration57_features.TestTaxDeclarationsAPI" name="test_get_declarations" time="0.471" /><testcase classname="backend.tests.test_iteration57_features.TestTaxDeclarationsAPI" name="test_get_annual_summary" time="0.124" /></testsuite></testsuites>