<?xml version="1.0" encoding="utf-8"?><testsuites name="pytest tests"><testsuite name="pytest" errors="0" failures="4" skipped="0" tests="24" time="2.711" timestamp="2026-02-09T17:35:03.216197+00:00" hostname="agent-env-dcd9651c-aacc-4ef0-90e2-7e026fb02fa6"><testcase classname="backend.tests.test_pos_comprehensive.TestAuthentication" name="test_login_super_admin" time="0.717" /><testcase classname="backend.tests.test_pos_comprehensive.TestAuthentication" name="test_login_invalid_credentials" time="0.045" /><testcase classname="backend.tests.test_pos_comprehensive.TestProductFamilies" name="test_get_product_families" time="0.307" /><testcase classname="backend.tests.test_pos_comprehensive.TestProductFamilies" name="test_create_product_family_french" time="0.046" /><testcase classname="backend.tests.test_pos_comprehensive.TestProducts" name="test_get_products" time="0.040" /><testcase classname="backend.tests.test_pos_comprehensive.TestProducts" name="test_create_product_french" time="0.094" /><testcase classname="backend.tests.test_pos_comprehensive.TestProducts" name="test_update_product" time="0.189" /><testcase classname="backend.tests.test_pos_comprehensive.TestCustomers" name="test_get_customers" time="0.038" /><testcase classname="backend.tests.test_pos_comprehensive.TestCustomers" name="test_create_customer" time="0.086" /><testcase classname="backend.tests.test_pos_comprehensive.TestSuppliers" name="test_get_suppliers" time="0.043" /><testcase classname="backend.tests.test_pos_comprehensive.TestSuppliers" name="test_create_supplier" time="0.042" /><testcase classname="backend.tests.test_pos_comprehensive.TestDailySessions" name="test_get_daily_sessions" time="0.046" /><testcase classname="backend.tests.test_pos_comprehensive.TestDailySessions" name="test_open_close_session_flow" time="0.082"><failure message="AssertionError: Failed to open session: {&quot;detail&quot;:&quot;Method Not Allowed&quot;}&#10;assert 405 == 200&#10; +  where 405 = &lt;Response [405]&gt;.status_code">backend/tests/test_pos_comprehensive.py:240: in test_open_close_session_flow
    assert open_resp.status_code == 200, f"Failed to open session: {open_resp.text}"
E   AssertionError: Failed to open session: {"detail":"Method Not Allowed"}
E   assert 405 == 200
E    +  where 405 = &lt;Response [405]&gt;.status_code</failure></testcase><testcase classname="backend.tests.test_pos_comprehensive.TestSales" name="test_get_sales" time="0.041" /><testcase classname="backend.tests.test_pos_comprehensive.TestSales" name="test_create_sale_full_flow" time="0.121"><failure message="assert 405 == 200&#10; +  where 405 = &lt;Response [405]&gt;.status_code">backend/tests/test_pos_comprehensive.py:288: in test_create_sale_full_flow
    assert open_resp.status_code == 200
E   assert 405 == 200
E    +  where 405 = &lt;Response [405]&gt;.status_code</failure></testcase><testcase classname="backend.tests.test_pos_comprehensive.TestNotifications" name="test_get_notifications" time="0.038" /><testcase classname="backend.tests.test_pos_comprehensive.TestReports" name="test_get_stats" time="0.043"><failure message="AssertionError: assert ('products' in {'cash_boxes': [{'balance': 0, 'id': 'cash', 'name': 'الصندوق النقدي', 'type': 'cash', ...}, {'balance': 0, 'id': 'bank', 'name': 'الحساب البنكي', 'type': 'bank', ...}, {'balance': 0, 'id': 'wallet', 'name': 'المحفظة الإلكترونية', 'type': 'wallet', ...}, {'balance': 0, 'id': 'safe', 'name': 'الخزنة', 'name_fr': 'Coffre-fort', ...}], 'currency': 'دج', 'low_stock_count': 2, 'today_sales_count': 0, ...} or 'sales' in {'cash_boxes': [{'balance': 0, 'id': 'cash', 'name': 'الصندوق النقدي', 'type': 'cash', ...}, {'balance': 0, 'id': 'bank', 'name': 'الحساب البنكي', 'type': 'bank', ...}, {'balance': 0, 'id': 'wallet', 'name': 'المحفظة الإلكترونية', 'type': 'wallet', ...}, {'balance': 0, 'id': 'safe', 'name': 'الخزنة', 'name_fr': 'Coffre-fort', ...}], 'currency': 'دج', 'low_stock_count': 2, 'today_sales_count': 0, ...} or 'customers' in {'cash_boxes': [{'balance': 0, 'id': 'cash', 'name': 'الصندوق النقدي', 'type': 'cash', ...}, {'balance': 0, 'id': 'bank', 'name': 'الحساب البنكي', 'type': 'bank', ...}, {'balance': 0, 'id': 'wallet', 'name': 'المحفظة الإلكترونية', 'type': 'wallet', ...}, {'balance': 0, 'id': 'safe', 'name': 'الخزنة', 'name_fr': 'Coffre-fort', ...}], 'currency': 'دج', 'low_stock_count': 2, 'today_sales_count': 0, ...})">backend/tests/test_pos_comprehensive.py:351: in test_get_stats
    assert "products" in stats or "sales" in stats or "customers" in stats
E   AssertionError: assert ('products' in {'cash_boxes': [{'balance': 0, 'id': 'cash', 'name': 'الصندوق النقدي', 'type': 'cash', ...}, {'balance': 0, 'id': 'bank', 'name': 'الحساب البنكي', 'type': 'bank', ...}, {'balance': 0, 'id': 'wallet', 'name': 'المحفظة الإلكترونية', 'type': 'wallet', ...}, {'balance': 0, 'id': 'safe', 'name': 'الخزنة', 'name_fr': 'Coffre-fort', ...}], 'currency': 'دج', 'low_stock_count': 2, 'today_sales_count': 0, ...} or 'sales' in {'cash_boxes': [{'balance': 0, 'id': 'cash', 'name': 'الصندوق النقدي', 'type': 'cash', ...}, {'balance': 0, 'id': 'bank', 'name': 'الحساب البنكي', 'type': 'bank', ...}, {'balance': 0, 'id': 'wallet', 'name': 'المحفظة الإلكترونية', 'type': 'wallet', ...}, {'balance': 0, 'id': 'safe', 'name': 'الخزنة', 'name_fr': 'Coffre-fort', ...}], 'currency': 'دج', 'low_stock_count': 2, 'today_sales_count': 0, ...} or 'customers' in {'cash_boxes': [{'balance': 0, 'id': 'cash', 'name': 'الصندوق النقدي', 'type': 'cash', ...}, {'balance': 0, 'id': 'bank', 'name': 'الحساب البنكي', 'type': 'bank', ...}, {'balance': 0, 'id': 'wallet', 'name': 'المحفظة الإلكترونية', 'type': 'wallet', ...}, {'balance': 0, 'id': 'safe', 'name': 'الخزنة', 'name_fr': 'Coffre-fort', ...}], 'currency': 'دج', 'low_stock_count': 2, 'today_sales_count': 0, ...})</failure></testcase><testcase classname="backend.tests.test_pos_comprehensive.TestReports" name="test_sales_stats" time="0.043" /><testcase classname="backend.tests.test_pos_comprehensive.TestPurchases" name="test_get_purchases" time="0.038" /><testcase classname="backend.tests.test_pos_comprehensive.TestSettings" name="test_get_settings" time="0.036"><failure message="assert 404 == 200&#10; +  where 404 = &lt;Response [404]&gt;.status_code">backend/tests/test_pos_comprehensive.py:379: in test_get_settings
    assert response.status_code == 200
E   assert 404 == 200
E    +  where 404 = &lt;Response [404]&gt;.status_code</failure></testcase><testcase classname="backend.tests.test_pos_comprehensive.TestCleanup" name="test_cleanup_test_products" time="0.194" /><testcase classname="backend.tests.test_pos_comprehensive.TestCleanup" name="test_cleanup_test_families" time="0.083" /><testcase classname="backend.tests.test_pos_comprehensive.TestCleanup" name="test_cleanup_test_customers" time="0.085" /><testcase classname="backend.tests.test_pos_comprehensive.TestCleanup" name="test_cleanup_test_suppliers" time="0.078" /></testsuite></testsuites>