<?xml version="1.0" encoding="utf-8"?><testsuites name="pytest tests"><testsuite name="pytest" errors="0" failures="0" skipped="0" tests="22" time="8.453" timestamp="2026-03-14T00:08:42.895835+00:00" hostname="agent-env-63c60f70-0206-4688-90d3-5d28786087e0"><testcase classname="backend.tests.test_iteration62_new_features.TestAllSixRobots" name="test_get_status_returns_6_robots" time="0.707" /><testcase classname="backend.tests.test_iteration62_new_features.TestAllSixRobots" name="test_customer_robot_has_expected_stats" time="0.116" /><testcase classname="backend.tests.test_iteration62_new_features.TestAllSixRobots" name="test_pricing_robot_has_expected_stats" time="0.122" /><testcase classname="backend.tests.test_iteration62_new_features.TestAllSixRobots" name="test_maintenance_robot_has_expected_stats" time="0.130" /><testcase classname="backend.tests.test_iteration62_new_features.TestNewRobotRunEndpoints" name="test_run_customer_robot" time="0.133" /><testcase classname="backend.tests.test_iteration62_new_features.TestNewRobotRunEndpoints" name="test_run_pricing_robot" time="0.108" /><testcase classname="backend.tests.test_iteration62_new_features.TestNewRobotRunEndpoints" name="test_run_maintenance_robot" time="0.144" /><testcase classname="backend.tests.test_iteration62_new_features.TestNewRobotRunEndpoints" name="test_run_report_robot_generates_daily_report" time="0.133" /><testcase classname="backend.tests.test_iteration62_new_features.TestAutoReportsAPI" name="test_get_auto_reports_list" time="0.111" /><testcase classname="backend.tests.test_iteration62_new_features.TestAutoReportsAPI" name="test_get_auto_reports_filter_by_daily" time="0.113" /><testcase classname="backend.tests.test_iteration62_new_features.TestAutoReportsAPI" name="test_get_auto_reports_filter_by_weekly" time="0.120" /><testcase classname="backend.tests.test_iteration62_new_features.TestAutoReportsAPI" name="test_get_auto_reports_filter_by_monthly" time="0.112" /><testcase classname="backend.tests.test_iteration62_new_features.TestAutoReportsAPI" name="test_auto_reports_require_super_admin" time="0.462" /><testcase classname="backend.tests.test_iteration62_new_features.TestCollectionReportsAPI" name="test_get_collection_reports" time="0.116" /><testcase classname="backend.tests.test_iteration62_new_features.TestCollectionReportsAPI" name="test_collection_reports_require_super_admin" time="0.109" /><testcase classname="backend.tests.test_iteration62_new_features.TestBruteForceProtection" name="test_normal_admin_login_still_works" time="0.335" /><testcase classname="backend.tests.test_iteration62_new_features.TestBruteForceProtection" name="test_normal_tenant_login_still_works" time="0.360" /><testcase classname="backend.tests.test_iteration62_new_features.TestBruteForceProtection" name="test_brute_force_lockout_after_5_attempts" time="0.713" /><testcase classname="backend.tests.test_iteration62_new_features.TestBruteForceProtection" name="test_lockout_message_in_arabic" time="0.744" /><testcase classname="backend.tests.test_iteration62_new_features.TestNewRobotRestartEndpoints" name="test_restart_customer_robot" time="1.130" /><testcase classname="backend.tests.test_iteration62_new_features.TestNewRobotRestartEndpoints" name="test_restart_pricing_robot" time="1.197" /><testcase classname="backend.tests.test_iteration62_new_features.TestNewRobotRestartEndpoints" name="test_restart_maintenance_robot" time="1.116" /></testsuite></testsuites>