<?xml version="1.0" encoding="utf-8"?><testsuites name="pytest tests"><testsuite name="pytest" errors="0" failures="0" skipped="0" tests="36" time="16.293" timestamp="2026-03-14T04:55:36.376721+00:00" hostname="agent-env-d7dd235e-6f63-4b4a-9ecc-ac53243f983d"><testcase classname="backend.tests.test_legendary_build_routes.TestAuthSetup" name="test_super_admin_login" time="0.511" /><testcase classname="backend.tests.test_legendary_build_routes.TestAuthSetup" name="test_tenant_login" time="0.345" /><testcase classname="backend.tests.test_legendary_build_routes.TestRepairRoutes" name="test_get_repair_tickets" time="0.406" /><testcase classname="backend.tests.test_legendary_build_routes.TestRepairRoutes" name="test_get_repair_stats" time="0.410" /><testcase classname="backend.tests.test_legendary_build_routes.TestRepairRoutes" name="test_create_repair_ticket" time="0.432" /><testcase classname="backend.tests.test_legendary_build_routes.TestRepairRoutes" name="test_create_spare_part" time="0.458" /><testcase classname="backend.tests.test_legendary_build_routes.TestRepairRoutes" name="test_create_technician" time="0.432" /><testcase classname="backend.tests.test_legendary_build_routes.TestDefectiveRoutes" name="test_get_defect_categories" time="0.412" /><testcase classname="backend.tests.test_legendary_build_routes.TestDefectiveRoutes" name="test_get_defective_goods" time="0.495" /><testcase classname="backend.tests.test_legendary_build_routes.TestDefectiveRoutes" name="test_create_defective_item" time="0.420" /><testcase classname="backend.tests.test_legendary_build_routes.TestDefectiveRoutes" name="test_create_inspection" time="0.467" /><testcase classname="backend.tests.test_legendary_build_routes.TestDefectiveRoutes" name="test_create_supplier_return" time="0.424" /><testcase classname="backend.tests.test_legendary_build_routes.TestDefectiveRoutes" name="test_get_defective_stats" time="0.488" /><testcase classname="backend.tests.test_legendary_build_routes.TestPrintingRoutes" name="test_get_printer_settings" time="0.406" /><testcase classname="backend.tests.test_legendary_build_routes.TestPrintingRoutes" name="test_create_print_template" time="0.421" /><testcase classname="backend.tests.test_legendary_build_routes.TestPrintingRoutes" name="test_barcode_scan" time="0.408" /><testcase classname="backend.tests.test_legendary_build_routes.TestBackupRoutes" name="test_get_backup_list" time="0.417" /><testcase classname="backend.tests.test_legendary_build_routes.TestBackupRoutes" name="test_create_backup" time="0.427" /><testcase classname="backend.tests.test_legendary_build_routes.TestBackupRoutes" name="test_get_backup_stats" time="0.428" /><testcase classname="backend.tests.test_legendary_build_routes.TestSecurityRoutes" name="test_get_security_stats" time="0.432" /><testcase classname="backend.tests.test_legendary_build_routes.TestSecurityRoutes" name="test_get_blocked_ips" time="0.419" /><testcase classname="backend.tests.test_legendary_build_routes.TestSecurityRoutes" name="test_block_ip" time="0.416" /><testcase classname="backend.tests.test_legendary_build_routes.TestSecurityRoutes" name="test_create_api_key" time="0.436" /><testcase classname="backend.tests.test_legendary_build_routes.TestWalletRoutes" name="test_get_wallet" time="0.405" /><testcase classname="backend.tests.test_legendary_build_routes.TestWalletRoutes" name="test_get_wallet_stats" time="0.432" /><testcase classname="backend.tests.test_legendary_build_routes.TestSupplierTrackingRoutes" name="test_add_supplier_goods" time="0.425" /><testcase classname="backend.tests.test_legendary_build_routes.TestSupplierTrackingRoutes" name="test_create_supplier_order" time="0.413" /><testcase classname="backend.tests.test_legendary_build_routes.TestSupplierTrackingRoutes" name="test_get_supplier_stats" time="0.461" /><testcase classname="backend.tests.test_legendary_build_routes.TestSearchRoutes" name="test_global_search" time="0.418" /><testcase classname="backend.tests.test_legendary_build_routes.TestSearchRoutes" name="test_search_suggestions" time="0.409" /><testcase classname="backend.tests.test_legendary_build_routes.TestTaskRoutes" name="test_create_task" time="0.413" /><testcase classname="backend.tests.test_legendary_build_routes.TestTaskRoutes" name="test_get_tasks" time="0.410" /><testcase classname="backend.tests.test_legendary_build_routes.TestTaskRoutes" name="test_get_task_stats" time="0.454" /><testcase classname="backend.tests.test_legendary_build_routes.TestChatRoutes" name="test_create_chat_room" time="1.431" /><testcase classname="backend.tests.test_legendary_build_routes.TestChatRoutes" name="test_get_chat_rooms" time="0.452" /><testcase classname="backend.tests.test_legendary_build_routes.TestSystemInfo" name="test_system_info" time="0.130" /></testsuite></testsuites>