<?xml version="1.0" encoding="utf-8"?><testsuites name="pytest tests"><testsuite name="pytest" errors="0" failures="0" skipped="10" tests="13" time="0.669" timestamp="2026-02-12T00:05:03.675304+00:00" hostname="agent-env-ef0f6c47-d018-4c80-b13f-3f5086131447"><testcase classname="backend.tests.test_database_management.TestDatabaseManagementAPIs" name="test_saas_admin_login" time="0.089"><skipped type="pytest.skip" message="Login failed: 404 - {&quot;detail&quot;:&quot;Not Found&quot;}">/app/backend/tests/test_database_management.py:35: Login failed: 404 - {"detail":"Not Found"}</skipped></testcase><testcase classname="backend.tests.test_database_management.TestDatabaseManagementAPIs" name="test_get_all_databases" time="0.036"><skipped type="pytest.skip" message="Login failed: 404 - {&quot;detail&quot;:&quot;Not Found&quot;}">/app/backend/tests/test_database_management.py:46: Login failed: 404 - {"detail":"Not Found"}</skipped></testcase><testcase classname="backend.tests.test_database_management.TestDatabaseManagementAPIs" name="test_get_database_stats" time="0.042"><skipped type="pytest.skip" message="Login failed: 404 - {&quot;detail&quot;:&quot;Not Found&quot;}">/app/backend/tests/test_database_management.py:74: Login failed: 404 - {"detail":"Not Found"}</skipped></testcase><testcase classname="backend.tests.test_database_management.TestDatabaseManagementAPIs" name="test_get_database_logs" time="0.039"><skipped type="pytest.skip" message="Login failed: 404 - {&quot;detail&quot;:&quot;Not Found&quot;}">/app/backend/tests/test_database_management.py:100: Login failed: 404 - {"detail":"Not Found"}</skipped></testcase><testcase classname="backend.tests.test_database_management.TestDatabaseManagementAPIs" name="test_get_database_backups" time="0.042"><skipped type="pytest.skip" message="Login failed: 404 - {&quot;detail&quot;:&quot;Not Found&quot;}">/app/backend/tests/test_database_management.py:117: Login failed: 404 - {"detail":"Not Found"}</skipped></testcase><testcase classname="backend.tests.test_database_management.TestDatabaseManagementAPIs" name="test_create_backup_main_database" time="0.038"><skipped type="pytest.skip" message="Login failed: 404 - {&quot;detail&quot;:&quot;Not Found&quot;}">/app/backend/tests/test_database_management.py:134: Login failed: 404 - {"detail":"Not Found"}</skipped></testcase><testcase classname="backend.tests.test_database_management.TestDatabaseManagementAPIs" name="test_freeze_unfreeze_database" time="0.039"><skipped type="pytest.skip" message="Login failed: 404 - {&quot;detail&quot;:&quot;Not Found&quot;}">/app/backend/tests/test_database_management.py:155: Login failed: 404 - {"detail":"Not Found"}</skipped></testcase><testcase classname="backend.tests.test_database_management.TestDatabaseManagementAPIs" name="test_cannot_freeze_main_database" time="0.041"><skipped type="pytest.skip" message="Login failed: 404 - {&quot;detail&quot;:&quot;Not Found&quot;}">/app/backend/tests/test_database_management.py:185: Login failed: 404 - {"detail":"Not Found"}</skipped></testcase><testcase classname="backend.tests.test_database_management.TestDatabaseManagementAPIs" name="test_export_main_database" time="0.040"><skipped type="pytest.skip" message="Login failed: 404 - {&quot;detail&quot;:&quot;Not Found&quot;}">/app/backend/tests/test_database_management.py:194: Login failed: 404 - {"detail":"Not Found"}</skipped></testcase><testcase classname="backend.tests.test_database_management.TestDatabaseManagementAPIs" name="test_backup_creates_operation_log" time="0.044"><skipped type="pytest.skip" message="Login failed: 404 - {&quot;detail&quot;:&quot;Not Found&quot;}">/app/backend/tests/test_database_management.py:211: Login failed: 404 - {"detail":"Not Found"}</skipped></testcase><testcase classname="backend.tests.test_database_management.TestDatabaseManagementUnauthorized" name="test_databases_without_auth" time="0.035" /><testcase classname="backend.tests.test_database_management.TestDatabaseManagementUnauthorized" name="test_stats_without_auth" time="0.040" /><testcase classname="backend.tests.test_database_management.TestDatabaseManagementUnauthorized" name="test_backup_without_auth" time="0.077" /></testsuite></testsuites>