<?xml version="1.0" encoding="utf-8"?><testsuites name="pytest tests"><testsuite name="pytest" errors="0" failures="0" skipped="0" tests="14" time="0.892" timestamp="2026-02-08T20:54:21.407718+00:00" hostname="agent-env-7a82f5e4-3f65-4c76-9d40-be2ac27bbe70"><testcase classname="tests.test_permissions_roles.TestPermissionsRolesAPI" name="test_get_roles_returns_9_roles" time="0.079" /><testcase classname="tests.test_permissions_roles.TestPermissionsRolesAPI" name="test_get_roles_includes_default_permissions" time="0.037" /><testcase classname="tests.test_permissions_roles.TestPermissionsRolesAPI" name="test_get_roles_includes_role_descriptions" time="0.037" /><testcase classname="tests.test_permissions_roles.TestPermissionsRolesAPI" name="test_get_roles_includes_permission_categories" time="0.037" /><testcase classname="tests.test_permissions_roles.TestPermissionCategories" name="test_get_permission_categories" time="0.038" /><testcase classname="tests.test_permissions_roles.TestPermissionCategories" name="test_sales_operations_category" time="0.044" /><testcase classname="tests.test_permissions_roles.TestPermissionCategories" name="test_inventory_operations_category" time="0.037" /><testcase classname="tests.test_permissions_roles.TestRoleSpecificPermissions" name="test_get_sales_supervisor_permissions" time="0.032" /><testcase classname="tests.test_permissions_roles.TestRoleSpecificPermissions" name="test_get_inventory_manager_permissions" time="0.044" /><testcase classname="tests.test_permissions_roles.TestRoleSpecificPermissions" name="test_get_accountant_permissions" time="0.039" /><testcase classname="tests.test_permissions_roles.TestRoleSpecificPermissions" name="test_get_invalid_role" time="0.033" /><testcase classname="tests.test_permissions_roles.TestAdvancedPermissionActions" name="test_super_admin_has_all_advanced_permissions" time="0.041" /><testcase classname="tests.test_permissions_roles.TestAdvancedPermissionActions" name="test_seller_limited_permissions" time="0.040" /><testcase classname="tests.test_permissions_roles.TestUserPermissionsAPI" name="test_login_and_get_current_user" time="0.259" /></testsuite></testsuites>