<?xml version="1.0" encoding="utf-8"?><testsuites name="pytest tests"><testsuite name="pytest" errors="0" failures="0" skipped="0" tests="17" time="9.808" timestamp="2026-02-08T14:33:48.288624+00:00" hostname="agent-env-47268193-2b32-4840-ba5c-6b2948f2d7b6"><testcase classname="backend.tests.test_ai_profit_features.TestAuth" name="test_login_success" time="0.286" /><testcase classname="backend.tests.test_ai_profit_features.TestAuth" name="test_login_invalid_credentials" time="0.034" /><testcase classname="backend.tests.test_ai_profit_features.TestAuth" name="test_get_current_user" time="0.338" /><testcase classname="backend.tests.test_ai_profit_features.TestDashboard" name="test_dashboard_stats_via_reports" time="0.301" /><testcase classname="backend.tests.test_ai_profit_features.TestDashboard" name="test_get_products" time="0.289" /><testcase classname="backend.tests.test_ai_profit_features.TestDashboard" name="test_get_sales" time="0.294" /><testcase classname="backend.tests.test_ai_profit_features.TestProfitReport" name="test_profit_report_endpoint" time="0.295" /><testcase classname="backend.tests.test_ai_profit_features.TestProfitReport" name="test_profit_report_with_days_parameter" time="0.297" /><testcase classname="backend.tests.test_ai_profit_features.TestProfitReport" name="test_detailed_profit_report" time="0.296" /><testcase classname="backend.tests.test_ai_profit_features.TestAIAssistant" name="test_ai_chat_endpoint_exists" time="0.910" /><testcase classname="backend.tests.test_ai_profit_features.TestAIAssistant" name="test_ai_chat_history_endpoint" time="0.296" /><testcase classname="backend.tests.test_ai_profit_features.TestAIAssistant" name="test_ai_analyze_endpoint_exists" time="5.045" /><testcase classname="backend.tests.test_ai_profit_features.TestAIAssistant" name="test_clear_chat_history" time="0.327" /><testcase classname="backend.tests.test_ai_profit_features.TestImageUpload" name="test_image_upload_endpoint_accessible" time="0.332" /><testcase classname="backend.tests.test_ai_profit_features.TestImageUpload" name="test_product_update_with_image_url" time="0.330" /><testcase classname="backend.tests.test_ai_profit_features.TestHealthEndpoints" name="test_root_endpoint" time="0.032" /><testcase classname="backend.tests.test_ai_profit_features.TestHealthEndpoints" name="test_health_endpoint" time="0.033" /></testsuite></testsuites>