<?xml version="1.0" encoding="utf-8"?><testsuites name="pytest tests"><testsuite name="pytest" errors="0" failures="0" skipped="0" tests="27" time="10.050" timestamp="2026-03-15T00:08:20.654227+00:00" hostname="agent-env-f5bc839a-6815-4e8d-9735-6677453d65c6"><testcase classname="backend.tests.test_iteration70_legendary_build.TestAuthEndpoints" name="test_admin_login" time="0.389" /><testcase classname="backend.tests.test_iteration70_legendary_build.TestAuthEndpoints" name="test_tenant_login" time="0.341" /><testcase classname="backend.tests.test_iteration70_legendary_build.TestProductsRoutes" name="test_get_products" time="0.447" /><testcase classname="backend.tests.test_iteration70_legendary_build.TestProductsRoutes" name="test_get_products_paginated" time="0.127" /><testcase classname="backend.tests.test_iteration70_legendary_build.TestCustomersRoutes" name="test_get_customers" time="0.461" /><testcase classname="backend.tests.test_iteration70_legendary_build.TestSalesRoutes" name="test_get_sales" time="0.453" /><testcase classname="backend.tests.test_iteration70_legendary_build.TestAdvancedSalesRoutes" name="test_get_advanced_sales_report" time="0.438" /><testcase classname="backend.tests.test_iteration70_legendary_build.TestAdvancedSalesRoutes" name="test_get_peak_hours" time="0.146" /><testcase classname="backend.tests.test_iteration70_legendary_build.TestAdvancedSalesRoutes" name="test_get_returns_report" time="0.115" /><testcase classname="backend.tests.test_iteration70_legendary_build.TestSuppliersRoutes" name="test_get_suppliers" time="0.460" /><testcase classname="backend.tests.test_iteration70_legendary_build.TestSuppliersRoutes" name="test_generate_supplier_code" time="0.116" /><testcase classname="backend.tests.test_iteration70_legendary_build.TestWarehouseRoutes" name="test_get_warehouses" time="0.470" /><testcase classname="backend.tests.test_iteration70_legendary_build.TestWarehouseRoutes" name="test_get_stock_transfers" time="0.121" /><testcase classname="backend.tests.test_iteration70_legendary_build.TestCustomerDebtsRoutes" name="test_get_debts_summary" time="0.434" /><testcase classname="backend.tests.test_iteration70_legendary_build.TestAIAssistantRoutes" name="test_ai_chat" time="1.178" /><testcase classname="backend.tests.test_iteration70_legendary_build.TestPurchasesRoutes" name="test_get_purchases" time="0.474" /><testcase classname="backend.tests.test_iteration70_legendary_build.TestCashBoxesRoutes" name="test_get_cash_boxes" time="0.462" /><testcase classname="backend.tests.test_iteration70_legendary_build.TestDebtsRoutes" name="test_get_debts" time="0.500" /><testcase classname="backend.tests.test_iteration70_legendary_build.TestExpensesRoutes" name="test_get_expenses" time="0.470" /><testcase classname="backend.tests.test_iteration70_legendary_build.TestEmployeesRoutes" name="test_get_employees" time="0.462" /><testcase classname="backend.tests.test_iteration70_legendary_build.TestDailySessionsRoutes" name="test_get_daily_sessions" time="0.481" /><testcase classname="backend.tests.test_iteration70_legendary_build.TestStatsRoutes" name="test_get_stats" time="0.450" /><testcase classname="backend.tests.test_iteration70_legendary_build.TestStatsRoutes" name="test_get_profit_stats" time="0.111" /><testcase classname="backend.tests.test_iteration70_legendary_build.TestStatsRoutes" name="test_get_sales_prediction" time="0.146" /><testcase classname="backend.tests.test_iteration70_legendary_build.TestOtherRoutes" name="test_get_repairs_tickets" time="0.462" /><testcase classname="backend.tests.test_iteration70_legendary_build.TestOtherRoutes" name="test_get_permissions_catalog" time="0.120" /><testcase classname="backend.tests.test_iteration70_legendary_build.TestOtherRoutes" name="test_get_smart_notifications" time="0.124" /></testsuite></testsuites>